TN:
SF:src/app.module.ts
FN:27,(anonymous_1)
FNF:1
FNH:0
FNDA:0,(anonymous_1)
DA:1,0
DA:2,0
DA:4,0
DA:5,0
DA:6,0
DA:8,0
DA:9,0
DA:10,0
DA:11,0
DA:12,0
DA:28,0
DA:29,0
DA:30,0
DA:31,0
DA:33,0
DA:73,0
LF:16
LH:0
BRDA:29,0,0,0
BRF:1
BRH:0
end_of_record
TN:
SF:src/config/env.validation.ts
FN:45,(anonymous_0)
FNF:1
FNH:0
FNDA:0,(anonymous_0)
DA:1,0
DA:12,0
DA:45,0
LF:3
LH:0
BRDA:45,0,0,0
BRDA:45,0,1,0
BRF:2
BRH:0
end_of_record
TN:
SF:src/health/health.controller.ts
FN:27,(anonymous_2)
FNF:1
FNH:0
FNDA:0,(anonymous_2)
DA:1,0
DA:10,0
DA:27,0
DA:28,0
LF:4
LH:0
BRF:0
BRH:0
end_of_record
TN:
SF:src/modules/culturas/cultura.module.ts
FNF:0
FNH:0
DA:1,0
DA:2,0
DA:4,0
DA:5,0
DA:7,0
DA:9,0
DA:10,0
DA:51,0
LF:8
LH:0
BRF:0
BRH:0
end_of_record
TN:
SF:src/modules/culturas/commands/create-cultura.command.ts
FN:9,(anonymous_0)
FNF:1
FNH:1
FNDA:5,(anonymous_0)
DA:8,3
DA:9,5
LF:2
LH:2
BRF:0
BRH:0
end_of_record
TN:
SF:src/modules/culturas/commands/create-cultura.handler.ts
FN:16,(anonymous_2)
FN:26,(anonymous_3)
FNF:2
FNH:2
FNDA:2,(anonymous_2)
FNDA:2,(anonymous_3)
DA:1,1
DA:2,1
DA:3,1
DA:15,1
DA:16,2
DA:27,2
LF:6
LH:6
BRDA:16,0,0,1
BRDA:16,0,1,0
BRDA:16,1,0,1
BRDA:16,1,1,1
BRF:4
BRH:3
end_of_record
TN:
SF:src/modules/culturas/commands/delete-cultura.command.ts
FN:5,(anonymous_0)
FNF:1
FNH:1
FNDA:2,(anonymous_0)
DA:4,1
DA:5,2
LF:2
LH:2
BRF:0
BRH:0
end_of_record
TN:
SF:src/modules/culturas/commands/delete-cultura.handler.ts
FN:16,(anonymous_2)
FN:26,(anonymous_3)
FNF:2
FNH:2
FNDA:2,(anonymous_2)
FNDA:2,(anonymous_3)
DA:1,1
DA:2,1
DA:3,1
DA:15,1
DA:16,2
DA:27,2
LF:6
LH:6
BRDA:16,0,0,1
BRDA:16,0,1,0
BRDA:16,1,0,1
BRDA:16,1,1,1
BRF:4
BRH:3
end_of_record
TN:
SF:src/modules/culturas/commands/index.ts
FNF:0
FNH:0
DA:1,0
DA:2,0
DA:3,0
DA:5,0
DA:11,0
DA:12,0
DA:13,0
DA:14,0
DA:15,0
DA:16,0
LF:10
LH:0
BRF:0
BRH:0
end_of_record
TN:
SF:src/modules/culturas/commands/update-cultura.command.ts
FN:18,(anonymous_0)
FNF:1
FNH:1
FNDA:6,(anonymous_0)
DA:13,3
DA:19,6
DA:20,6
LF:3
LH:3
BRF:0
BRH:0
end_of_record
TN:
SF:src/modules/culturas/commands/update-cultura.handler.ts
FN:17,(anonymous_2)
FN:25,(anonymous_3)
FNF:2
FNH:2
FNDA:3,(anonymous_2)
FNDA:3,(anonymous_3)
DA:1,1
DA:2,1
DA:3,1
DA:16,1
DA:17,3
DA:26,3
LF:6
LH:6
BRDA:17,0,0,1
BRDA:17,0,1,0
BRDA:17,1,0,1
BRDA:17,1,1,1
BRF:4
BRH:3
end_of_record
TN:
SF:src/modules/culturas/controllers/cultura.controller.ts
FN:23,(anonymous_4)
FN:35,(anonymous_5)
FN:45,(anonymous_6)
FN:56,(anonymous_7)
FN:68,(anonymous_8)
FNF:5
FNH:5
FNDA:4,(anonymous_4)
FNDA:1,(anonymous_5)
FNDA:1,(anonymous_6)
FNDA:1,(anonymous_7)
FNDA:1,(anonymous_8)
DA:1,1
DA:2,1
DA:3,1
DA:5,1
DA:6,1
DA:7,1
DA:8,1
DA:16,1
DA:24,4
DA:25,4
DA:35,1
DA:36,1
DA:45,1
DA:46,1
DA:56,1
DA:57,1
DA:68,1
DA:72,1
LF:18
LH:18
BRDA:35,0,0,1
BRDA:35,0,1,0
BRDA:35,1,0,1
BRDA:35,1,1,1
BRDA:35,2,0,1
BRDA:35,2,1,0
BRDA:35,3,0,1
BRDA:35,3,1,1
BRDA:45,4,0,1
BRDA:45,4,1,0
BRDA:45,5,0,1
BRDA:45,5,1,1
BRDA:56,6,0,1
BRDA:56,6,1,0
BRDA:56,7,0,1
BRDA:56,7,1,1
BRDA:70,8,0,0
BRDA:70,8,1,1
BRDA:70,9,0,1
BRDA:70,9,1,0
BRDA:71,10,0,1
BRDA:71,10,1,0
BRDA:71,11,0,1
BRDA:71,11,1,1
BRDA:24,12,0,1
BRDA:24,12,1,0
BRDA:24,13,0,1
BRDA:24,13,1,1
BRDA:24,14,0,1
BRDA:24,14,1,0
BRDA:24,15,0,1
BRDA:24,15,1,1
BRF:32
BRH:23
end_of_record
TN:
SF:src/modules/culturas/dto/create-cultura.dto.ts
FNF:0
FNH:0
DA:1,2
DA:9,2
DA:20,2
DA:32,2
DA:44,2
LF:5
LH:5
BRF:0
BRH:0
end_of_record
TN:
SF:src/modules/culturas/dto/index.ts
FNF:0
FNH:0
DA:1,0
LF:1
LH:0
BRF:0
BRH:0
end_of_record
TN:
SF:src/modules/culturas/entities/cultura.entity.ts
FNF:0
FNH:0
DA:1,0
LF:1
LH:0
BRF:0
BRH:0
end_of_record
TN:
SF:src/modules/culturas/queries/find-all-cultura.handler.ts
FN:17,(anonymous_2)
FN:25,(anonymous_3)
FNF:2
FNH:2
FNDA:1,(anonymous_2)
FNDA:1,(anonymous_3)
DA:1,1
DA:2,1
DA:3,1
DA:16,1
DA:17,1
DA:26,1
LF:6
LH:6
BRDA:17,0,0,1
BRDA:17,0,1,0
BRDA:17,1,0,1
BRDA:17,1,1,1
BRF:4
BRH:3
end_of_record
TN:
SF:src/modules/culturas/queries/find-all-cultura.query.ts
FNF:0
FNH:0
DA:6,2
LF:1
LH:1
BRF:0
BRH:0
end_of_record
TN:
SF:src/modules/culturas/queries/find-cultura-by-id.handler.ts
FN:17,(anonymous_2)
FN:25,(anonymous_3)
FNF:2
FNH:2
FNDA:3,(anonymous_2)
FNDA:3,(anonymous_3)
DA:1,1
DA:2,1
DA:3,1
DA:16,1
DA:17,3
DA:26,3
LF:6
LH:6
BRDA:17,0,0,1
BRDA:17,0,1,0
BRDA:17,1,0,1
BRDA:17,1,1,1
BRF:4
BRH:3
end_of_record
TN:
SF:src/modules/culturas/queries/find-cultura-by-id.query.ts
FN:5,(anonymous_0)
FNF:1
FNH:1
FNDA:5,(anonymous_0)
DA:4,2
DA:5,5
LF:2
LH:2
BRF:0
BRH:0
end_of_record
TN:
SF:src/modules/culturas/queries/index.ts
FNF:0
FNH:0
DA:1,0
DA:2,0
DA:4,0
DA:9,0
DA:10,0
DA:11,0
DA:12,0
LF:7
LH:0
BRF:0
BRH:0
end_of_record
TN:
SF:src/modules/culturas/repositories/cultura.repository.ts
FNF:0
FNH:0
DA:11,7
LF:1
LH:1
BRF:0
BRH:0
end_of_record
TN:
SF:src/modules/culturas/repositories/in-memory-cultura.repository.ts
FN:12,(anonymous_0)
FN:15,(anonymous_1)
FN:29,(anonymous_2)
FN:33,(anonymous_3)
FN:34,(anonymous_4)
FN:44,(anonymous_5)
FN:54,(anonymous_6)
FN:57,(anonymous_7)
FNF:8
FNH:3
FNDA:4,(anonymous_0)
FNDA:5,(anonymous_1)
FNDA:7,(anonymous_2)
FNDA:0,(anonymous_3)
FNDA:0,(anonymous_4)
FNDA:0,(anonymous_5)
FNDA:0,(anonymous_6)
FNDA:0,(anonymous_7)
DA:4,1
DA:12,1
DA:13,4
DA:16,5
DA:25,5
DA:26,5
DA:30,7
DA:34,0
DA:45,0
DA:46,0
DA:47,0
DA:50,0
DA:51,0
DA:55,0
DA:56,0
DA:58,0
DA:59,0
DA:61,0
LF:18
LH:7
BRDA:46,0,0,0
BRDA:58,1,0,0
BRDA:58,1,1,0
BRDA:59,2,0,0
BRDA:59,2,1,0
BRF:5
BRH:0
end_of_record
TN:
SF:src/modules/culturas/repositories/index.ts
FNF:0
FNH:0
DA:1,0
DA:2,0
DA:3,0
LF:3
LH:0
BRF:0
BRH:0
end_of_record
TN:
SF:src/modules/culturas/repositories/prisma-cultura.repository.ts
FN:15,(anonymous_2)
FN:23,(anonymous_3)
FN:46,(anonymous_4)
FN:56,(anonymous_5)
FN:70,(anonymous_6)
FN:97,(anonymous_7)
FN:104,(anonymous_8)
FNF:7
FNH:0
FNDA:0,(anonymous_2)
FNDA:0,(anonymous_3)
FNDA:0,(anonymous_4)
FNDA:0,(anonymous_5)
FNDA:0,(anonymous_6)
FNDA:0,(anonymous_7)
FNDA:0,(anonymous_8)
DA:1,0
DA:4,0
DA:14,0
DA:15,0
DA:24,0
DA:38,0
DA:47,0
DA:57,0
DA:71,0
DA:72,0
DA:83,0
DA:85,0
DA:86,0
DA:88,0
DA:98,0
DA:103,0
DA:105,0
DA:106,0
LF:18
LH:0
BRDA:58,0,0,0
BRDA:58,0,1,0
BRDA:85,1,0,0
BRDA:15,2,0,0
BRDA:15,2,1,0
BRDA:15,3,0,0
BRDA:15,3,1,0
BRF:7
BRH:0
end_of_record
TN:
SF:src/modules/culturas/services/cultura.service.ts
FN:26,(anonymous_2)
FN:36,(anonymous_3)
FN:40,(anonymous_4)
FN:57,(anonymous_5)
FN:67,(anonymous_6)
FN:78,(anonymous_7)
FN:89,(anonymous_8)
FN:91,(anonymous_9)
FN:105,(anonymous_10)
FNF:9
FNH:3
FNDA:4,(anonymous_2)
FNDA:7,(anonymous_3)
FNDA:3,(anonymous_4)
FNDA:0,(anonymous_5)
FNDA:0,(anonymous_6)
FNDA:0,(anonymous_7)
FNDA:0,(anonymous_8)
FNDA:0,(anonymous_9)
FNDA:0,(anonymous_10)
DA:1,7
DA:8,7
DA:20,7
DA:26,4
DA:37,7
DA:39,7
DA:41,3
DA:45,7
DA:46,2
DA:49,5
DA:58,0
DA:68,0
DA:79,0
DA:90,0
DA:91,0
DA:93,0
DA:94,0
DA:97,0
DA:108,0
LF:19
LH:10
BRDA:41,0,0,3
BRDA:41,0,1,3
BRDA:45,1,0,2
BRDA:93,2,0,0
BRDA:26,3,0,7
BRDA:26,3,1,0
BRDA:26,4,0,7
BRDA:26,4,1,7
BRF:8
BRH:6
end_of_record
TN:
SF:src/modules/dashboard/dashboard.module.ts
FNF:0
FNH:0
DA:1,0
DA:2,0
DA:4,0
DA:5,0
DA:6,0
DA:7,0
DA:8,0
DA:40,0
LF:8
LH:0
BRF:0
BRH:0
end_of_record
TN:
SF:src/modules/dashboard/controllers/dashboard.controller.ts
FN:19,(anonymous_4)
FN:35,(anonymous_5)
FNF:2
FNH:0
FNDA:0,(anonymous_4)
FNDA:0,(anonymous_5)
DA:1,0
DA:2,0
DA:3,0
DA:4,0
DA:18,0
DA:19,0
DA:35,0
DA:36,0
LF:8
LH:0
BRDA:35,0,0,0
BRDA:35,0,1,0
BRDA:35,1,0,0
BRDA:35,1,1,0
BRDA:35,2,0,0
BRDA:35,2,1,0
BRDA:35,3,0,0
BRDA:35,3,1,0
BRDA:19,4,0,0
BRDA:19,4,1,0
BRDA:19,5,0,0
BRDA:19,5,1,0
BRF:12
BRH:0
end_of_record
TN:
SF:src/modules/dashboard/dto/dashboard-filter.dto.ts
FNF:0
FNH:0
DA:1,1
DA:13,1
DA:23,1
DA:33,1
DA:43,1
DA:54,1
DA:65,1
LF:7
LH:7
BRF:0
BRH:0
end_of_record
TN:
SF:src/modules/dashboard/dto/index.ts
FNF:0
FNH:0
DA:1,0
LF:1
LH:0
BRF:0
BRH:0
end_of_record
TN:
SF:src/modules/dashboard/queries/get-dashboard-metrics.handler.ts
FN:18,(anonymous_2)
FN:26,(anonymous_3)
FNF:2
FNH:0
FNDA:0,(anonymous_2)
FNDA:0,(anonymous_3)
DA:1,0
DA:2,0
DA:3,0
DA:17,0
DA:18,0
DA:27,0
LF:6
LH:0
BRDA:18,0,0,0
BRDA:18,0,1,0
BRDA:18,1,0,0
BRDA:18,1,1,0
BRF:4
BRH:0
end_of_record
TN:
SF:src/modules/dashboard/queries/get-dashboard-metrics.query.ts
FN:21,(anonymous_0)
FNF:1
FNH:0
FNDA:0,(anonymous_0)
DA:17,0
DA:21,0
LF:2
LH:0
BRF:0
BRH:0
end_of_record
TN:
SF:src/modules/dashboard/queries/index.ts
FNF:0
FNH:0
DA:1,0
DA:2,0
DA:3,0
LF:3
LH:0
BRF:0
BRH:0
end_of_record
TN:
SF:src/modules/dashboard/services/dashboard.service.ts
FN:17,(anonymous_2)
FN:28,(anonymous_3)
FNF:2
FNH:2
FNDA:7,(anonymous_2)
FNDA:7,(anonymous_3)
DA:1,1
DA:3,1
DA:4,1
DA:16,1
DA:18,7
DA:19,7
DA:29,7
DA:30,7
DA:32,7
DA:33,7
DA:34,7
DA:36,7
DA:45,7
LF:13
LH:13
BRDA:18,0,0,1
BRDA:18,0,1,0
BRDA:18,1,0,1
BRDA:18,1,1,1
BRDA:18,2,0,1
BRDA:18,2,1,0
BRDA:18,3,0,1
BRDA:18,3,1,1
BRF:8
BRH:6
end_of_record
TN:
SF:src/modules/fazendas/fazenda.module.ts
FNF:0
FNH:0
DA:1,0
DA:2,0
DA:4,0
DA:5,0
DA:7,0
DA:8,0
DA:10,0
DA:11,0
DA:52,0
LF:9
LH:0
BRF:0
BRH:0
end_of_record
TN:
SF:src/modules/fazendas/commands/create-fazenda.command.ts
FN:12,(anonymous_0)
FNF:1
FNH:1
FNDA:4,(anonymous_0)
DA:8,2
DA:12,4
LF:2
LH:2
BRF:0
BRH:0
end_of_record
TN:
SF:src/modules/fazendas/commands/create-fazenda.handler.ts
FN:15,(anonymous_2)
FN:29,(anonymous_3)
FNF:2
FNH:2
FNDA:2,(anonymous_2)
FNDA:2,(anonymous_3)
DA:1,1
DA:2,1
DA:3,1
DA:14,1
DA:15,2
DA:30,2
LF:6
LH:6
BRDA:15,0,0,1
BRDA:15,0,1,0
BRDA:15,1,0,1
BRDA:15,1,1,1
BRF:4
BRH:3
end_of_record
TN:
SF:src/modules/fazendas/commands/delete-fazenda.command.ts
FN:11,(anonymous_0)
FNF:1
FNH:1
FNDA:2,(anonymous_0)
DA:6,1
DA:11,2
LF:2
LH:2
BRF:0
BRH:0
end_of_record
TN:
SF:src/modules/fazendas/commands/delete-fazenda.handler.ts
FN:16,(anonymous_2)
FN:26,(anonymous_3)
FNF:2
FNH:2
FNDA:2,(anonymous_2)
FNDA:2,(anonymous_3)
DA:1,1
DA:2,1
DA:3,1
DA:15,1
DA:16,2
DA:27,2
LF:6
LH:6
BRDA:16,0,0,1
BRDA:16,0,1,0
BRDA:16,1,0,1
BRDA:16,1,1,1
BRF:4
BRH:3
end_of_record
TN:
SF:src/modules/fazendas/commands/index.ts
FNF:0
FNH:0
DA:1,0
DA:2,0
DA:3,0
DA:8,0
DA:14,0
DA:15,0
DA:16,0
DA:17,0
DA:18,0
DA:19,0
LF:10
LH:0
BRF:0
BRH:0
end_of_record
TN:
SF:src/modules/fazendas/commands/update-fazenda.command.ts
FN:17,(anonymous_0)
FNF:1
FNH:1
FNDA:5,(anonymous_0)
DA:12,3
DA:18,5
DA:19,5
LF:3
LH:3
BRF:0
BRH:0
end_of_record
TN:
SF:src/modules/fazendas/commands/update-fazenda.handler.ts
FN:16,(anonymous_2)
FN:27,(anonymous_3)
FNF:2
FNH:2
FNDA:2,(anonymous_2)
FNDA:2,(anonymous_3)
DA:1,1
DA:2,1
DA:3,1
DA:15,1
DA:16,2
DA:28,2
DA:29,2
LF:7
LH:7
BRDA:16,0,0,1
BRDA:16,0,1,0
BRDA:16,1,0,1
BRDA:16,1,1,1
BRF:4
BRH:3
end_of_record
TN:
SF:src/modules/fazendas/controllers/fazenda.controller.ts
FN:23,(anonymous_4)
FN:34,(anonymous_5)
FN:42,(anonymous_6)
FN:52,(anonymous_7)
FN:63,(anonymous_8)
FNF:5
FNH:5
FNDA:4,(anonymous_4)
FNDA:1,(anonymous_5)
FNDA:1,(anonymous_6)
FNDA:1,(anonymous_7)
FNDA:1,(anonymous_8)
DA:1,1
DA:2,1
DA:3,1
DA:5,1
DA:6,1
DA:7,1
DA:8,1
DA:16,1
DA:24,4
DA:25,4
DA:34,1
DA:35,1
DA:42,1
DA:43,1
DA:52,1
DA:53,1
DA:63,1
DA:67,1
LF:18
LH:18
BRDA:34,0,0,1
BRDA:34,0,1,0
BRDA:34,1,0,1
BRDA:34,1,1,1
BRDA:34,2,0,1
BRDA:34,2,1,0
BRDA:34,3,0,1
BRDA:34,3,1,1
BRDA:42,4,0,1
BRDA:42,4,1,0
BRDA:42,5,0,1
BRDA:42,5,1,1
BRDA:52,6,0,1
BRDA:52,6,1,0
BRDA:52,7,0,1
BRDA:52,7,1,1
BRDA:65,8,0,0
BRDA:65,8,1,1
BRDA:65,9,0,1
BRDA:65,9,1,0
BRDA:66,10,0,1
BRDA:66,10,1,0
BRDA:66,11,0,1
BRDA:66,11,1,1
BRDA:24,12,0,1
BRDA:24,12,1,0
BRDA:24,13,0,1
BRDA:24,13,1,1
BRDA:24,14,0,1
BRDA:24,14,1,0
BRDA:24,15,0,1
BRDA:24,15,1,1
BRF:32
BRH:23
end_of_record
TN:
SF:src/modules/fazendas/dto/create-fazenda.dto.ts
FNF:0
FNH:0
DA:1,2
DA:2,2
DA:21,2
DA:27,2
DA:34,2
DA:41,2
DA:48,2
DA:55,2
DA:62,2
LF:9
LH:9
BRF:0
BRH:0
end_of_record
TN:
SF:src/modules/fazendas/dto/index.ts
FNF:0
FNH:0
DA:1,1
LF:1
LH:1
BRF:0
BRH:0
end_of_record
TN:
SF:src/modules/fazendas/entities/fazenda.entity.ts
FNF:0
FNH:0
DA:7,0
LF:1
LH:0
BRF:0
BRH:0
end_of_record
TN:
SF:src/modules/fazendas/queries/find-all-fazenda.handler.ts
FN:16,(anonymous_2)
FN:24,(anonymous_3)
FNF:2
FNH:2
FNDA:1,(anonymous_2)
FNDA:1,(anonymous_3)
DA:1,1
DA:2,1
DA:3,1
DA:15,1
DA:16,1
DA:25,1
LF:6
LH:6
BRDA:16,0,0,1
BRDA:16,0,1,0
BRDA:16,1,0,1
BRDA:16,1,1,1
BRF:4
BRH:3
end_of_record
TN:
SF:src/modules/fazendas/queries/find-all-fazenda.query.ts
FNF:0
FNH:0
DA:6,2
LF:1
LH:1
BRF:0
BRH:0
end_of_record
TN:
SF:src/modules/fazendas/queries/find-fazenda-by-id.handler.ts
FN:16,(anonymous_2)
FN:26,(anonymous_3)
FNF:2
FNH:2
FNDA:3,(anonymous_2)
FNDA:3,(anonymous_3)
DA:1,1
DA:2,1
DA:3,1
DA:15,1
DA:16,3
DA:27,3
LF:6
LH:6
BRDA:16,0,0,1
BRDA:16,0,1,0
BRDA:16,1,0,1
BRDA:16,1,1,1
BRF:4
BRH:3
end_of_record
TN:
SF:src/modules/fazendas/queries/find-fazenda-by-id.query.ts
FN:10,(anonymous_0)
FNF:1
FNH:1
FNDA:5,(anonymous_0)
DA:6,2
DA:10,5
LF:2
LH:2
BRF:0
BRH:0
end_of_record
TN:
SF:src/modules/fazendas/queries/index.ts
FNF:0
FNH:0
DA:1,0
DA:2,0
DA:8,0
DA:13,0
DA:14,0
DA:15,0
DA:16,0
LF:7
LH:0
BRF:0
BRH:0
end_of_record
TN:
SF:src/modules/fazendas/repositories/fazenda.repository.ts
FNF:0
FNH:0
DA:8,7
LF:1
LH:1
BRF:0
BRH:0
end_of_record
TN:
SF:src/modules/fazendas/repositories/in-memory-fazenda.repository.ts
FN:9,(anonymous_0)
FN:12,(anonymous_1)
FN:20,(anonymous_2)
FN:21,(anonymous_3)
FN:31,(anonymous_4)
FN:32,(anonymous_5)
FN:38,(anonymous_6)
FN:42,(anonymous_7)
FN:43,(anonymous_8)
FN:46,(anonymous_9)
FN:51,(anonymous_10)
FN:53,(anonymous_11)
FN:56,(anonymous_12)
FN:59,(anonymous_13)
FN:68,(anonymous_14)
FNF:15
FNH:3
FNDA:2,(anonymous_0)
FNDA:1,(anonymous_1)
FNDA:0,(anonymous_2)
FNDA:0,(anonymous_3)
FNDA:0,(anonymous_4)
FNDA:0,(anonymous_5)
FNDA:1,(anonymous_6)
FNDA:0,(anonymous_7)
FNDA:0,(anonymous_8)
FNDA:0,(anonymous_9)
FNDA:0,(anonymous_10)
FNDA:0,(anonymous_11)
FNDA:0,(anonymous_12)
FNDA:0,(anonymous_13)
FNDA:0,(anonymous_14)
DA:9,1
DA:10,2
DA:13,1
DA:21,0
DA:22,0
DA:24,0
DA:32,0
DA:33,0
DA:35,0
DA:39,1
DA:43,0
DA:47,0
DA:48,0
DA:52,0
DA:53,0
DA:57,0
DA:58,0
DA:60,0
DA:61,0
DA:62,0
DA:72,0
DA:74,0
DA:79,0
DA:80,0
DA:81,0
DA:84,0
LF:26
LH:4
BRDA:22,0,0,0
BRDA:33,1,0,0
BRDA:53,2,0,0
BRDA:53,2,1,0
BRDA:60,3,0,0
BRDA:60,3,1,0
BRDA:61,4,0,0
BRDA:61,4,1,0
BRDA:80,5,0,0
BRDA:80,5,1,0
BRDA:81,6,0,0
BRDA:81,6,1,0
BRF:12
BRH:0
end_of_record
TN:
SF:src/modules/fazendas/repositories/index.ts
FNF:0
FNH:0
DA:1,0
DA:2,0
LF:2
LH:0
BRF:0
BRH:0
end_of_record
TN:
SF:src/modules/fazendas/repositories/prisma-fazenda.repository.ts
FN:16,(anonymous_2)
FN:18,(anonymous_3)
FN:33,(anonymous_4)
FN:47,(anonymous_5)
FN:60,(anonymous_6)
FN:64,(anonymous_7)
FN:76,(anonymous_8)
FN:108,(anonymous_9)
FN:147,(anonymous_10)
FN:176,(anonymous_11)
FN:190,(anonymous_12)
FNF:11
FNH:0
FNDA:0,(anonymous_2)
FNDA:0,(anonymous_3)
FNDA:0,(anonymous_4)
FNDA:0,(anonymous_5)
FNDA:0,(anonymous_6)
FNDA:0,(anonymous_7)
FNDA:0,(anonymous_8)
FNDA:0,(anonymous_9)
FNDA:0,(anonymous_10)
FNDA:0,(anonymous_11)
FNDA:0,(anonymous_12)
DA:1,0
DA:4,0
DA:15,0
DA:16,0
DA:19,0
DA:30,0
DA:34,0
DA:35,0
DA:40,0
DA:41,0
DA:43,0
DA:48,0
DA:49,0
DA:53,0
DA:54,0
DA:56,0
DA:61,0
DA:65,0
DA:77,0
DA:79,0
DA:81,0
DA:82,0
DA:85,0
DA:86,0
DA:87,0
DA:88,0
DA:91,0
DA:92,0
DA:93,0
DA:100,0
DA:109,0
DA:111,0
DA:113,0
DA:114,0
DA:117,0
DA:118,0
DA:119,0
DA:120,0
DA:123,0
DA:124,0
DA:125,0
DA:132,0
DA:139,0
DA:150,0
DA:152,0
DA:154,0
DA:155,0
DA:156,0
DA:157,0
DA:160,0
DA:161,0
DA:162,0
DA:169,0
DA:175,0
DA:177,0
DA:178,0
DA:193,0
DA:195,0
DA:197,0
DA:198,0
DA:201,0
DA:202,0
DA:203,0
DA:204,0
DA:207,0
DA:208,0
DA:209,0
DA:216,0
DA:224,0
LF:69
LH:0
BRDA:40,0,0,0
BRDA:53,1,0,0
BRDA:66,2,0,0
BRDA:66,2,1,0
BRDA:81,3,0,0
BRDA:85,4,0,0
BRDA:85,5,0,0
BRDA:85,5,1,0
BRDA:87,6,0,0
BRDA:88,7,0,0
BRDA:91,8,0,0
BRDA:113,9,0,0
BRDA:117,10,0,0
BRDA:117,11,0,0
BRDA:117,11,1,0
BRDA:119,12,0,0
BRDA:120,13,0,0
BRDA:123,14,0,0
BRDA:139,15,0,0
BRDA:139,15,1,0
BRDA:154,16,0,0
BRDA:154,17,0,0
BRDA:154,17,1,0
BRDA:156,18,0,0
BRDA:157,19,0,0
BRDA:160,20,0,0
BRDA:197,21,0,0
BRDA:201,22,0,0
BRDA:201,23,0,0
BRDA:201,23,1,0
BRDA:203,24,0,0
BRDA:204,25,0,0
BRDA:207,26,0,0
BRDA:225,27,0,0
BRDA:225,27,1,0
BRDA:226,28,0,0
BRDA:226,28,1,0
BRDA:16,29,0,0
BRDA:16,29,1,0
BRDA:16,30,0,0
BRDA:16,30,1,0
BRF:41
BRH:0
end_of_record
TN:
SF:src/modules/fazendas/services/fazenda.service.ts
FN:23,(anonymous_2)
FN:33,(anonymous_3)
FN:42,(anonymous_4)
FN:52,(anonymous_5)
FN:62,(anonymous_6)
FN:72,(anonymous_7)
FN:74,(anonymous_8)
FN:89,(anonymous_9)
FN:99,(anonymous_10)
FN:109,(anonymous_11)
FN:121,(anonymous_12)
FNF:11
FNH:3
FNDA:2,(anonymous_2)
FNDA:1,(anonymous_3)
FNDA:0,(anonymous_4)
FNDA:0,(anonymous_5)
FNDA:0,(anonymous_6)
FNDA:1,(anonymous_7)
FNDA:0,(anonymous_8)
FNDA:0,(anonymous_9)
FNDA:0,(anonymous_10)
FNDA:0,(anonymous_11)
FNDA:0,(anonymous_12)
DA:1,7
DA:4,7
DA:17,7
DA:23,2
DA:34,1
DA:43,0
DA:53,0
DA:63,0
DA:73,1
DA:74,1
DA:76,1
DA:77,1
DA:80,0
DA:90,0
DA:100,0
DA:112,0
DA:124,0
LF:17
LH:9
BRDA:76,0,0,1
BRDA:23,1,0,7
BRDA:23,1,1,0
BRDA:23,2,0,7
BRDA:23,2,1,7
BRF:5
BRH:4
end_of_record
TN:
SF:src/modules/fazendas/validators/soma-areas.validator.ts
FN:46,(anonymous_1)
FN:69,(anonymous_2)
FNF:2
FNH:2
FNDA:8,(anonymous_1)
FNDA:4,(anonymous_2)
DA:1,3
DA:39,3
DA:47,8
DA:48,0
DA:51,8
DA:52,8
DA:57,2
DA:60,6
DA:70,4
LF:9
LH:8
BRDA:47,0,0,0
BRDA:52,1,0,2
BRDA:53,2,0,8
BRDA:53,2,1,6
BRDA:53,2,2,6
BRF:5
BRH:4
end_of_record
TN:
SF:src/modules/produtores/produtor.module.ts
FNF:0
FNH:0
DA:1,0
DA:2,0
DA:4,0
DA:5,0
DA:7,0
DA:8,0
DA:10,0
DA:11,0
DA:13,0
DA:58,0
LF:10
LH:0
BRF:0
BRH:0
end_of_record
TN:
SF:src/modules/produtores/commands/create-produtor.command.ts
FN:9,(anonymous_0)
FNF:1
FNH:1
FNDA:4,(anonymous_0)
DA:8,2
DA:9,4
LF:2
LH:2
BRF:0
BRH:0
end_of_record
TN:
SF:src/modules/produtores/commands/create-produtor.handler.ts
FN:16,(anonymous_2)
FN:30,(anonymous_3)
FNF:2
FNH:2
FNDA:2,(anonymous_2)
FNDA:2,(anonymous_3)
DA:1,1
DA:2,1
DA:3,1
DA:15,1
DA:16,2
DA:31,2
LF:6
LH:6
BRDA:16,0,0,1
BRDA:16,0,1,0
BRDA:16,1,0,1
BRDA:16,1,1,1
BRF:4
BRH:3
end_of_record
TN:
SF:src/modules/produtores/commands/delete-produtor.command.ts
FN:5,(anonymous_0)
FNF:1
FNH:1
FNDA:2,(anonymous_0)
DA:4,1
DA:5,2
LF:2
LH:2
BRF:0
BRH:0
end_of_record
TN:
SF:src/modules/produtores/commands/delete-produtor.handler.ts
FN:16,(anonymous_2)
FN:26,(anonymous_3)
FNF:2
FNH:2
FNDA:2,(anonymous_2)
FNDA:2,(anonymous_3)
DA:1,1
DA:2,1
DA:3,1
DA:15,1
DA:16,2
DA:27,2
LF:6
LH:6
BRDA:16,0,0,1
BRDA:16,0,1,0
BRDA:16,1,0,1
BRDA:16,1,1,1
BRF:4
BRH:3
end_of_record
TN:
SF:src/modules/produtores/commands/index.ts
FNF:0
FNH:0
DA:1,0
DA:2,0
DA:3,0
DA:5,0
DA:11,0
DA:12,0
DA:13,0
DA:14,0
DA:15,0
DA:16,0
LF:10
LH:0
BRF:0
BRH:0
end_of_record
TN:
SF:src/modules/produtores/commands/update-produtor.command.ts
FN:7,(anonymous_0)
FNF:1
FNH:1
FNDA:6,(anonymous_0)
DA:6,3
DA:8,6
DA:9,6
LF:3
LH:3
BRF:0
BRH:0
end_of_record
TN:
SF:src/modules/produtores/commands/update-produtor.handler.ts
FN:17,(anonymous_2)
FN:29,(anonymous_3)
FNF:2
FNH:2
FNDA:3,(anonymous_2)
FNDA:3,(anonymous_3)
DA:1,1
DA:2,1
DA:3,1
DA:16,1
DA:17,3
DA:30,3
LF:6
LH:6
BRDA:17,0,0,1
BRDA:17,0,1,0
BRDA:17,1,0,1
BRDA:17,1,1,1
BRF:4
BRH:3
end_of_record
TN:
SF:src/modules/produtores/controllers/produtor.controller.ts
FN:23,(anonymous_4)
FN:35,(anonymous_5)
FN:45,(anonymous_6)
FN:56,(anonymous_7)
FN:68,(anonymous_8)
FNF:5
FNH:5
FNDA:4,(anonymous_4)
FNDA:1,(anonymous_5)
FNDA:1,(anonymous_6)
FNDA:1,(anonymous_7)
FNDA:1,(anonymous_8)
DA:1,1
DA:2,1
DA:3,1
DA:5,1
DA:6,1
DA:7,1
DA:8,1
DA:16,1
DA:24,4
DA:25,4
DA:35,1
DA:36,1
DA:45,1
DA:46,1
DA:56,1
DA:57,1
DA:68,1
DA:72,1
LF:18
LH:18
BRDA:35,0,0,1
BRDA:35,0,1,0
BRDA:35,1,0,1
BRDA:35,1,1,1
BRDA:35,2,0,1
BRDA:35,2,1,0
BRDA:35,3,0,1
BRDA:35,3,1,1
BRDA:45,4,0,1
BRDA:45,4,1,0
BRDA:45,5,0,1
BRDA:45,5,1,1
BRDA:56,6,0,1
BRDA:56,6,1,0
BRDA:56,7,0,1
BRDA:56,7,1,1
BRDA:70,8,0,0
BRDA:70,8,1,1
BRDA:70,9,0,1
BRDA:70,9,1,0
BRDA:71,10,0,1
BRDA:71,10,1,0
BRDA:71,11,0,1
BRDA:71,11,1,1
BRDA:24,12,0,1
BRDA:24,12,1,0
BRDA:24,13,0,1
BRDA:24,13,1,1
BRDA:24,14,0,1
BRDA:24,14,1,0
BRDA:24,15,0,1
BRDA:24,15,1,1
BRF:32
BRH:23
end_of_record
TN:
SF:src/modules/produtores/dto/create-produtor.dto.ts
FN:32,(anonymous_2)
FNF:1
FNH:1
FNDA:4,(anonymous_2)
DA:1,2
DA:2,2
DA:10,2
DA:19,2
DA:32,4
DA:36,2
LF:6
LH:6
BRF:0
BRH:0
end_of_record
TN:
SF:src/modules/produtores/dto/index.ts
FNF:0
FNH:0
DA:1,0
LF:1
LH:0
BRF:0
BRH:0
end_of_record
TN:
SF:src/modules/produtores/entities/produtor.entity.ts
FNF:0
FNH:0
DA:7,0
LF:1
LH:0
BRF:0
BRH:0
end_of_record
TN:
SF:src/modules/produtores/queries/find-all-produtores.handler.ts
FN:14,(anonymous_2)
FN:22,(anonymous_3)
FNF:2
FNH:2
FNDA:1,(anonymous_2)
FNDA:1,(anonymous_3)
DA:1,1
DA:2,1
DA:3,1
DA:13,1
DA:14,1
DA:23,1
LF:6
LH:6
BRDA:14,0,0,1
BRDA:14,0,1,0
BRDA:14,1,0,1
BRDA:14,1,1,1
BRF:4
BRH:3
end_of_record
TN:
SF:src/modules/produtores/queries/find-all-produtores.query.ts
FNF:0
FNH:0
DA:6,2
LF:1
LH:1
BRF:0
BRH:0
end_of_record
TN:
SF:src/modules/produtores/queries/find-produtor-by-id.handler.ts
FN:16,(anonymous_2)
FN:26,(anonymous_3)
FNF:2
FNH:2
FNDA:3,(anonymous_2)
FNDA:3,(anonymous_3)
DA:1,1
DA:2,1
DA:3,1
DA:15,1
DA:16,3
DA:27,3
LF:6
LH:6
BRDA:16,0,0,1
BRDA:16,0,1,0
BRDA:16,1,0,1
BRDA:16,1,1,1
BRF:4
BRH:3
end_of_record
TN:
SF:src/modules/produtores/queries/find-produtor-by-id.query.ts
FN:5,(anonymous_0)
FNF:1
FNH:1
FNDA:5,(anonymous_0)
DA:4,2
DA:5,5
LF:2
LH:2
BRF:0
BRH:0
end_of_record
TN:
SF:src/modules/produtores/queries/index.ts
FNF:0
FNH:0
DA:1,0
DA:2,0
DA:4,0
DA:9,0
DA:10,0
DA:11,0
DA:12,0
LF:7
LH:0
BRF:0
BRH:0
end_of_record
TN:
SF:src/modules/produtores/repositories/in-memory-produtor.repository.ts
FN:12,(anonymous_0)
FN:15,(anonymous_1)
FN:28,(anonymous_2)
FN:32,(anonymous_3)
FN:33,(anonymous_4)
FN:43,(anonymous_5)
FNF:6
FNH:3
FNDA:3,(anonymous_0)
FNDA:3,(anonymous_1)
FNDA:5,(anonymous_2)
FNDA:0,(anonymous_3)
FNDA:0,(anonymous_4)
FNDA:0,(anonymous_5)
DA:4,1
DA:12,1
DA:13,3
DA:16,3
DA:24,3
DA:25,3
DA:29,5
DA:33,0
DA:44,0
DA:45,0
DA:46,0
DA:49,0
DA:50,0
LF:13
LH:7
BRDA:45,0,0,0
BRF:1
BRH:0
end_of_record
TN:
SF:src/modules/produtores/repositories/index.ts
FNF:0
FNH:0
DA:1,0
DA:2,0
LF:2
LH:0
BRF:0
BRH:0
end_of_record
TN:
SF:src/modules/produtores/repositories/prisma-produtor.repository.ts
FN:15,(anonymous_2)
FN:17,(anonymous_3)
FN:33,(anonymous_4)
FN:37,(anonymous_5)
FN:43,(anonymous_6)
FNF:5
FNH:0
FNDA:0,(anonymous_2)
FNDA:0,(anonymous_3)
FNDA:0,(anonymous_4)
FNDA:0,(anonymous_5)
FNDA:0,(anonymous_6)
DA:1,0
DA:5,0
DA:14,0
DA:15,0
DA:18,0
DA:19,0
DA:26,0
DA:27,0
DA:29,0
DA:34,0
DA:38,0
DA:44,0
DA:45,0
DA:53,0
DA:54,0
DA:56,0
LF:16
LH:0
BRDA:26,0,0,0
BRDA:38,1,0,0
BRDA:38,1,1,0
BRDA:53,2,0,0
BRDA:15,3,0,0
BRDA:15,3,1,0
BRDA:15,4,0,0
BRDA:15,4,1,0
BRF:8
BRH:0
end_of_record
TN:
SF:src/modules/produtores/repositories/produtor.repository.ts
FNF:0
FNH:0
DA:10,6
LF:1
LH:1
BRF:0
BRH:0
end_of_record
TN:
SF:src/modules/produtores/services/produtor.service.ts
FN:15,(anonymous_2)
FN:20,(anonymous_3)
FN:24,(anonymous_4)
FN:39,(anonymous_5)
FN:46,(anonymous_6)
FN:53,(anonymous_7)
FN:60,(anonymous_8)
FN:62,(anonymous_9)
FNF:8
FNH:3
FNDA:3,(anonymous_2)
FNDA:5,(anonymous_3)
FNDA:2,(anonymous_4)
FNDA:0,(anonymous_5)
FNDA:0,(anonymous_6)
FNDA:0,(anonymous_7)
FNDA:0,(anonymous_8)
FNDA:0,(anonymous_9)
DA:1,6
DA:4,6
DA:14,6
DA:15,3
DA:21,5
DA:22,5
DA:24,5
DA:26,5
DA:27,2
DA:30,3
DA:40,0
DA:47,0
DA:54,0
DA:61,0
DA:62,0
DA:64,0
DA:65,0
DA:68,0
LF:18
LH:10
BRDA:26,0,0,2
BRDA:64,1,0,0
BRDA:15,2,0,6
BRDA:15,2,1,0
BRDA:15,3,0,6
BRDA:15,3,1,6
BRF:6
BRH:4
end_of_record
TN:
SF:src/modules/safras/safra.module.ts
FNF:0
FNH:0
DA:1,0
DA:2,0
DA:4,0
DA:5,0
DA:7,0
DA:9,0
DA:10,0
DA:50,0
LF:8
LH:0
BRF:0
BRH:0
end_of_record
TN:
SF:src/modules/safras/commands/create-safra.command.ts
FN:9,(anonymous_0)
FNF:1
FNH:1
FNDA:4,(anonymous_0)
DA:8,2
DA:9,4
LF:2
LH:2
BRF:0
BRH:0
end_of_record
TN:
SF:src/modules/safras/commands/create-safra.handler.ts
FN:16,(anonymous_2)
FN:30,(anonymous_3)
FNF:2
FNH:2
FNDA:2,(anonymous_2)
FNDA:2,(anonymous_3)
DA:1,1
DA:2,1
DA:3,1
DA:15,1
DA:16,2
DA:31,2
LF:6
LH:6
BRDA:16,0,0,1
BRDA:16,0,1,0
BRDA:16,1,0,1
BRDA:16,1,1,1
BRF:4
BRH:3
end_of_record
TN:
SF:src/modules/safras/commands/delete-safra.command.ts
FN:5,(anonymous_0)
FNF:1
FNH:1
FNDA:2,(anonymous_0)
DA:4,1
DA:5,2
LF:2
LH:2
BRF:0
BRH:0
end_of_record
TN:
SF:src/modules/safras/commands/delete-safra.handler.ts
FN:16,(anonymous_2)
FN:26,(anonymous_3)
FNF:2
FNH:2
FNDA:2,(anonymous_2)
FNDA:2,(anonymous_3)
DA:1,1
DA:2,1
DA:3,1
DA:15,1
DA:16,2
DA:27,2
LF:6
LH:6
BRDA:16,0,0,1
BRDA:16,0,1,0
BRDA:16,1,0,1
BRDA:16,1,1,1
BRF:4
BRH:3
end_of_record
TN:
SF:src/modules/safras/commands/index.ts
FNF:0
FNH:0
DA:1,0
DA:2,0
DA:3,0
DA:9,0
DA:15,0
DA:16,0
DA:17,0
DA:18,0
DA:19,0
DA:20,0
LF:10
LH:0
BRF:0
BRH:0
end_of_record
TN:
SF:src/modules/safras/commands/update-safra.command.ts
FN:7,(anonymous_0)
FNF:1
FNH:1
FNDA:5,(anonymous_0)
DA:6,3
DA:8,5
DA:9,5
LF:3
LH:3
BRF:0
BRH:0
end_of_record
TN:
SF:src/modules/safras/commands/update-safra.handler.ts
FN:16,(anonymous_2)
FN:27,(anonymous_3)
FNF:2
FNH:2
FNDA:2,(anonymous_2)
FNDA:2,(anonymous_3)
DA:1,1
DA:2,1
DA:3,1
DA:15,1
DA:16,2
DA:28,2
DA:29,2
LF:7
LH:7
BRDA:16,0,0,1
BRDA:16,0,1,0
BRDA:16,1,0,1
BRDA:16,1,1,1
BRF:4
BRH:3
end_of_record
TN:
SF:src/modules/safras/controllers/safra.controller.ts
FN:23,(anonymous_4)
FN:35,(anonymous_5)
FN:45,(anonymous_6)
FN:56,(anonymous_7)
FN:68,(anonymous_8)
FNF:5
FNH:5
FNDA:4,(anonymous_4)
FNDA:1,(anonymous_5)
FNDA:1,(anonymous_6)
FNDA:1,(anonymous_7)
FNDA:1,(anonymous_8)
DA:1,1
DA:2,1
DA:3,1
DA:5,1
DA:6,1
DA:7,1
DA:8,1
DA:16,1
DA:24,4
DA:25,4
DA:35,1
DA:36,1
DA:45,1
DA:46,1
DA:56,1
DA:57,1
DA:68,1
DA:72,1
LF:18
LH:18
BRDA:35,0,0,1
BRDA:35,0,1,0
BRDA:35,1,0,1
BRDA:35,1,1,1
BRDA:35,2,0,1
BRDA:35,2,1,0
BRDA:35,3,0,1
BRDA:35,3,1,1
BRDA:45,4,0,1
BRDA:45,4,1,0
BRDA:45,5,0,1
BRDA:45,5,1,1
BRDA:56,6,0,1
BRDA:56,6,1,0
BRDA:56,7,0,1
BRDA:56,7,1,1
BRDA:70,8,0,0
BRDA:70,8,1,1
BRDA:70,9,0,1
BRDA:70,9,1,0
BRDA:71,10,0,1
BRDA:71,10,1,0
BRDA:71,11,0,1
BRDA:71,11,1,1
BRDA:24,12,0,1
BRDA:24,12,1,0
BRDA:24,13,0,1
BRDA:24,13,1,1
BRDA:24,14,0,1
BRDA:24,14,1,0
BRDA:24,15,0,1
BRDA:24,15,1,1
BRF:32
BRH:23
end_of_record
TN:
SF:src/modules/safras/dto/create-safra.dto.ts
FNF:0
FNH:0
DA:1,2
DA:9,2
DA:18,2
DA:28,2
DA:38,2
DA:48,2
LF:6
LH:6
BRF:0
BRH:0
end_of_record
TN:
SF:src/modules/safras/dto/index.ts
FNF:0
FNH:0
DA:1,0
LF:1
LH:0
BRF:0
BRH:0
end_of_record
TN:
SF:src/modules/safras/entities/safra.entity.ts
FNF:0
FNH:0
DA:7,0
LF:1
LH:0
BRF:0
BRH:0
end_of_record
TN:
SF:src/modules/safras/queries/find-all-safra.handler.ts
FN:17,(anonymous_2)
FN:25,(anonymous_3)
FNF:2
FNH:2
FNDA:1,(anonymous_2)
FNDA:1,(anonymous_3)
DA:1,1
DA:2,1
DA:3,1
DA:16,1
DA:17,1
DA:26,1
LF:6
LH:6
BRDA:17,0,0,1
BRDA:17,0,1,0
BRDA:17,1,0,1
BRDA:17,1,1,1
BRF:4
BRH:3
end_of_record
TN:
SF:src/modules/safras/queries/find-all-safra.query.ts
FNF:0
FNH:0
DA:6,2
LF:1
LH:1
BRF:0
BRH:0
end_of_record
TN:
SF:src/modules/safras/queries/find-safra-by-id.handler.ts
FN:16,(anonymous_2)
FN:26,(anonymous_3)
FNF:2
FNH:2
FNDA:3,(anonymous_2)
FNDA:3,(anonymous_3)
DA:1,1
DA:2,1
DA:3,1
DA:15,1
DA:16,3
DA:27,3
LF:6
LH:6
BRDA:16,0,0,1
BRDA:16,0,1,0
BRDA:16,1,0,1
BRDA:16,1,1,1
BRF:4
BRH:3
end_of_record
TN:
SF:src/modules/safras/queries/find-safra-by-id.query.ts
FN:5,(anonymous_0)
FNF:1
FNH:1
FNDA:5,(anonymous_0)
DA:4,2
DA:5,5
LF:2
LH:2
BRF:0
BRH:0
end_of_record
TN:
SF:src/modules/safras/queries/index.ts
FNF:0
FNH:0
DA:1,0
DA:2,0
DA:4,0
DA:9,0
DA:10,0
DA:11,0
DA:12,0
LF:7
LH:0
BRF:0
BRH:0
end_of_record
TN:
SF:src/modules/safras/repositories/in-memory-safra.repository.ts
FN:12,(anonymous_0)
FN:21,(anonymous_1)
FN:41,(anonymous_2)
FN:51,(anonymous_3)
FN:52,(anonymous_4)
FN:62,(anonymous_5)
FNF:6
FNH:3
FNDA:2,(anonymous_0)
FNDA:2,(anonymous_1)
FNDA:1,(anonymous_2)
FNDA:0,(anonymous_3)
FNDA:0,(anonymous_4)
FNDA:0,(anonymous_5)
DA:4,1
DA:12,1
DA:13,2
DA:22,2
DA:32,2
DA:33,2
DA:42,1
DA:52,0
DA:63,0
DA:64,0
DA:65,0
DA:68,0
DA:69,0
LF:13
LH:7
BRDA:64,0,0,0
BRF:1
BRH:0
end_of_record
TN:
SF:src/modules/safras/repositories/index.ts
FNF:0
FNH:0
DA:1,0
DA:2,0
LF:2
LH:0
BRF:0
BRH:0
end_of_record
TN:
SF:src/modules/safras/repositories/prisma-safra.repository.ts
FN:15,(anonymous_2)
FN:23,(anonymous_3)
FN:51,(anonymous_4)
FN:61,(anonymous_5)
FN:73,(anonymous_6)
FNF:5
FNH:0
FNDA:0,(anonymous_2)
FNDA:0,(anonymous_3)
FNDA:0,(anonymous_4)
FNDA:0,(anonymous_5)
FNDA:0,(anonymous_6)
DA:1,0
DA:4,0
DA:14,0
DA:15,0
DA:24,0
DA:43,0
DA:52,0
DA:62,0
DA:74,0
DA:75,0
DA:92,0
DA:94,0
DA:95,0
DA:97,0
LF:14
LH:0
BRDA:62,0,0,0
BRDA:62,0,1,0
BRDA:79,1,0,0
BRDA:79,1,1,0
BRDA:94,2,0,0
BRDA:15,3,0,0
BRDA:15,3,1,0
BRDA:15,4,0,0
BRDA:15,4,1,0
BRF:9
BRH:0
end_of_record
TN:
SF:src/modules/safras/repositories/safra.repository.ts
FNF:0
FNH:0
DA:10,6
LF:1
LH:1
BRF:0
BRH:0
end_of_record
TN:
SF:src/modules/safras/services/safra.service.ts
FN:20,(anonymous_2)
FN:30,(anonymous_3)
FN:39,(anonymous_4)
FN:49,(anonymous_5)
FN:60,(anonymous_6)
FN:69,(anonymous_7)
FN:71,(anonymous_8)
FNF:7
FNH:3
FNDA:2,(anonymous_2)
FNDA:2,(anonymous_3)
FNDA:1,(anonymous_4)
FNDA:0,(anonymous_5)
FNDA:0,(anonymous_6)
FNDA:0,(anonymous_7)
FNDA:0,(anonymous_8)
DA:1,6
DA:4,6
DA:14,6
DA:21,2
DA:31,2
DA:40,1
DA:50,0
DA:61,0
DA:70,0
DA:71,0
DA:73,0
DA:74,0
DA:77,0
LF:13
LH:6
BRDA:73,0,0,0
BRDA:21,1,0,6
BRDA:21,1,1,0
BRDA:21,2,0,6
BRDA:21,2,1,6
BRF:5
BRH:3
end_of_record
