TN:
SF:src/app.module.ts
FN:27,(anonymous_1)
FNF:1
FNH:1
FNDA:5,(anonymous_1)
DA:1,5
DA:2,5
DA:4,5
DA:5,5
DA:6,5
DA:8,5
DA:9,5
DA:10,5
DA:11,5
DA:12,5
DA:28,5
DA:29,5
DA:30,0
DA:31,0
DA:33,5
DA:73,5
LF:16
LH:14
BRDA:29,0,0,0
BRF:1
BRH:0
end_of_record
TN:
SF:src/config/env.validation.ts
FN:45,(anonymous_0)
FNF:1
FNH:1
FNDA:5,(anonymous_0)
DA:1,5
DA:12,5
DA:45,5
LF:3
LH:3
BRDA:45,0,0,5
BRDA:45,0,1,5
BRF:2
BRH:2
end_of_record
TN:
SF:src/health/health.controller.ts
FN:27,(anonymous_2)
FNF:1
FNH:0
FNDA:0,(anonymous_2)
DA:1,5
DA:10,5
DA:27,5
DA:28,0
LF:4
LH:3
BRF:0
BRH:0
end_of_record
TN:
SF:src/modules/culturas/cultura.module.ts
FNF:0
FNH:0
DA:1,5
DA:2,5
DA:4,5
DA:5,5
DA:7,5
DA:9,5
DA:10,5
DA:51,5
LF:8
LH:8
BRF:0
BRH:0
end_of_record
TN:
SF:src/modules/culturas/commands/create-cultura.command.ts
FN:9,(anonymous_0)
FNF:1
FNH:1
FNDA:7,(anonymous_0)
DA:8,8
DA:9,7
LF:2
LH:2
BRF:0
BRH:0
end_of_record
TN:
SF:src/modules/culturas/commands/create-cultura.handler.ts
FN:16,(anonymous_2)
FN:26,(anonymous_3)
FNF:2
FNH:2
FNDA:7,(anonymous_2)
FNDA:4,(anonymous_3)
DA:1,6
DA:2,6
DA:3,6
DA:15,6
DA:16,7
DA:27,4
LF:6
LH:6
BRDA:16,0,0,6
BRDA:16,0,1,0
BRDA:16,1,0,6
BRDA:16,1,1,6
BRF:4
BRH:3
end_of_record
TN:
SF:src/modules/culturas/commands/delete-cultura.command.ts
FN:5,(anonymous_0)
FNF:1
FNH:1
FNDA:3,(anonymous_0)
DA:4,7
DA:5,3
LF:2
LH:2
BRF:0
BRH:0
end_of_record
TN:
SF:src/modules/culturas/commands/delete-cultura.handler.ts
FN:16,(anonymous_2)
FN:26,(anonymous_3)
FNF:2
FNH:2
FNDA:7,(anonymous_2)
FNDA:3,(anonymous_3)
DA:1,6
DA:2,6
DA:3,6
DA:15,6
DA:16,7
DA:27,3
LF:6
LH:6
BRDA:16,0,0,6
BRDA:16,0,1,0
BRDA:16,1,0,6
BRDA:16,1,1,6
BRF:4
BRH:3
end_of_record
TN:
SF:src/modules/culturas/commands/index.ts
FNF:0
FNH:0
DA:1,5
DA:2,5
DA:3,5
DA:5,5
DA:11,5
DA:12,5
DA:13,5
DA:14,5
DA:15,5
DA:16,5
LF:10
LH:10
BRF:0
BRH:0
end_of_record
TN:
SF:src/modules/culturas/commands/update-cultura.command.ts
FN:18,(anonymous_0)
FNF:1
FNH:1
FNDA:7,(anonymous_0)
DA:13,8
DA:19,7
DA:20,7
LF:3
LH:3
BRF:0
BRH:0
end_of_record
TN:
SF:src/modules/culturas/commands/update-cultura.handler.ts
FN:17,(anonymous_2)
FN:25,(anonymous_3)
FNF:2
FNH:2
FNDA:8,(anonymous_2)
FNDA:4,(anonymous_3)
DA:1,6
DA:2,6
DA:3,6
DA:16,6
DA:17,8
DA:26,4
LF:6
LH:6
BRDA:17,0,0,6
BRDA:17,0,1,0
BRDA:17,1,0,6
BRDA:17,1,1,6
BRF:4
BRH:3
end_of_record
TN:
SF:src/modules/culturas/controllers/cultura.controller.ts
FN:24,(anonymous_4)
FN:36,(anonymous_5)
FN:46,(anonymous_6)
FN:57,(anonymous_7)
FN:69,(anonymous_8)
FN:83,(anonymous_9)
FNF:6
FNH:6
FNDA:9,(anonymous_4)
FNDA:3,(anonymous_5)
FNDA:2,(anonymous_6)
FNDA:4,(anonymous_7)
FNDA:2,(anonymous_8)
FNDA:1,(anonymous_9)
DA:1,6
DA:2,6
DA:3,6
DA:5,6
DA:6,6
DA:7,6
DA:8,6
DA:9,6
DA:17,6
DA:25,9
DA:26,9
DA:36,6
DA:37,3
DA:46,6
DA:47,2
DA:57,6
DA:58,4
DA:69,6
DA:73,2
DA:83,6
DA:84,1
LF:21
LH:21
BRDA:36,0,0,6
BRDA:36,0,1,0
BRDA:36,1,0,6
BRDA:36,1,1,6
BRDA:36,2,0,6
BRDA:36,2,1,0
BRDA:36,3,0,6
BRDA:36,3,1,6
BRDA:46,4,0,6
BRDA:46,4,1,0
BRDA:46,5,0,6
BRDA:46,5,1,6
BRDA:57,6,0,6
BRDA:57,6,1,0
BRDA:57,7,0,6
BRDA:57,7,1,6
BRDA:71,8,0,0
BRDA:71,8,1,6
BRDA:71,9,0,6
BRDA:71,9,1,0
BRDA:72,10,0,6
BRDA:72,10,1,0
BRDA:72,11,0,6
BRDA:72,11,1,6
BRDA:83,12,0,6
BRDA:83,12,1,0
BRDA:83,13,0,6
BRDA:83,13,1,6
BRDA:25,14,0,6
BRDA:25,14,1,0
BRDA:25,15,0,6
BRDA:25,15,1,6
BRDA:25,16,0,6
BRDA:25,16,1,0
BRDA:25,17,0,6
BRDA:25,17,1,6
BRF:36
BRH:26
end_of_record
TN:
SF:src/modules/culturas/dto/create-cultura.dto.ts
FNF:0
FNH:0
DA:1,7
DA:9,7
DA:20,7
DA:32,7
DA:44,7
LF:5
LH:5
BRF:0
BRH:0
end_of_record
TN:
SF:src/modules/culturas/dto/index.ts
FNF:0
FNH:0
DA:1,0
LF:1
LH:0
BRF:0
BRH:0
end_of_record
TN:
SF:src/modules/culturas/entities/cultura.entity.ts
FNF:0
FNH:0
DA:1,0
LF:1
LH:0
BRF:0
BRH:0
end_of_record
TN:
SF:src/modules/culturas/queries/find-all-cultura.handler.ts
FN:17,(anonymous_2)
FN:25,(anonymous_3)
FNF:2
FNH:2
FNDA:6,(anonymous_2)
FNDA:2,(anonymous_3)
DA:1,6
DA:2,6
DA:3,6
DA:16,6
DA:17,6
DA:26,2
LF:6
LH:6
BRDA:17,0,0,6
BRDA:17,0,1,0
BRDA:17,1,0,6
BRDA:17,1,1,6
BRF:4
BRH:3
end_of_record
TN:
SF:src/modules/culturas/queries/find-all-cultura.query.ts
FNF:0
FNH:0
DA:6,7
LF:1
LH:1
BRF:0
BRH:0
end_of_record
TN:
SF:src/modules/culturas/queries/find-cultura-by-id.handler.ts
FN:17,(anonymous_2)
FN:25,(anonymous_3)
FNF:2
FNH:2
FNDA:8,(anonymous_2)
FNDA:6,(anonymous_3)
DA:1,6
DA:2,6
DA:3,6
DA:16,6
DA:17,8
DA:26,6
LF:6
LH:6
BRDA:17,0,0,6
BRDA:17,0,1,0
BRDA:17,1,0,6
BRDA:17,1,1,6
BRF:4
BRH:3
end_of_record
TN:
SF:src/modules/culturas/queries/find-cultura-by-id.query.ts
FN:5,(anonymous_0)
FNF:1
FNH:1
FNDA:8,(anonymous_0)
DA:4,7
DA:5,8
LF:2
LH:2
BRF:0
BRH:0
end_of_record
TN:
SF:src/modules/culturas/queries/index.ts
FNF:0
FNH:0
DA:1,5
DA:2,5
DA:4,5
DA:9,5
DA:10,5
DA:11,5
DA:12,5
LF:7
LH:7
BRF:0
BRH:0
end_of_record
TN:
SF:src/modules/culturas/repositories/cultura.repository.ts
FNF:0
FNH:0
DA:11,12
LF:1
LH:1
BRF:0
BRH:0
end_of_record
TN:
SF:src/modules/culturas/repositories/in-memory-cultura.repository.ts
FN:12,(anonymous_0)
FN:15,(anonymous_1)
FN:29,(anonymous_2)
FN:33,(anonymous_3)
FN:34,(anonymous_4)
FN:44,(anonymous_5)
FN:54,(anonymous_6)
FN:57,(anonymous_7)
FN:67,(anonymous_8)
FN:68,(anonymous_9)
FNF:10
FNH:10
FNDA:9,(anonymous_0)
FNDA:7,(anonymous_1)
FNDA:13,(anonymous_2)
FNDA:4,(anonymous_3)
FNDA:3,(anonymous_4)
FNDA:1,(anonymous_5)
FNDA:3,(anonymous_6)
FNDA:3,(anonymous_7)
FNDA:1,(anonymous_8)
FNDA:1,(anonymous_9)
DA:4,6
DA:12,6
DA:13,9
DA:16,7
DA:25,7
DA:26,7
DA:30,13
DA:34,4
DA:45,1
DA:46,1
DA:47,0
DA:50,1
DA:51,1
DA:55,3
DA:56,3
DA:58,3
DA:59,3
DA:61,3
DA:68,1
DA:69,1
DA:70,0
DA:72,1
LF:22
LH:20
BRDA:46,0,0,0
BRDA:58,1,0,3
BRDA:58,1,1,0
BRDA:59,2,0,3
BRDA:59,2,1,3
BRDA:69,3,0,0
BRF:6
BRH:3
end_of_record
TN:
SF:src/modules/culturas/repositories/index.ts
FNF:0
FNH:0
DA:1,5
DA:2,5
DA:3,5
LF:3
LH:3
BRF:0
BRH:0
end_of_record
TN:
SF:src/modules/culturas/repositories/prisma-cultura.repository.ts
FN:15,(anonymous_2)
FN:23,(anonymous_3)
FN:46,(anonymous_4)
FN:56,(anonymous_5)
FN:70,(anonymous_6)
FN:97,(anonymous_7)
FN:104,(anonymous_8)
FN:117,(anonymous_9)
FNF:8
FNH:0
FNDA:0,(anonymous_2)
FNDA:0,(anonymous_3)
FNDA:0,(anonymous_4)
FNDA:0,(anonymous_5)
FNDA:0,(anonymous_6)
FNDA:0,(anonymous_7)
FNDA:0,(anonymous_8)
FNDA:0,(anonymous_9)
DA:1,5
DA:4,5
DA:14,5
DA:15,0
DA:24,0
DA:38,0
DA:47,0
DA:57,0
DA:71,0
DA:72,0
DA:83,0
DA:85,0
DA:86,0
DA:88,0
DA:98,0
DA:103,0
DA:105,0
DA:106,0
DA:118,0
DA:119,0
DA:121,0
DA:122,0
DA:124,0
LF:23
LH:3
BRDA:58,0,0,0
BRDA:58,0,1,0
BRDA:85,1,0,0
BRDA:121,2,0,0
BRDA:15,3,0,5
BRDA:15,3,1,0
BRDA:15,4,0,5
BRDA:15,4,1,5
BRF:8
BRH:3
end_of_record
TN:
SF:src/modules/culturas/services/cultura.service.ts
FN:27,(anonymous_2)
FN:37,(anonymous_3)
FN:41,(anonymous_4)
FN:58,(anonymous_5)
FN:68,(anonymous_6)
FN:83,(anonymous_7)
FN:94,(anonymous_8)
FN:103,(anonymous_9)
FNF:8
FNH:8
FNDA:9,(anonymous_2)
FNDA:9,(anonymous_3)
FNDA:3,(anonymous_4)
FNDA:1,(anonymous_5)
FNDA:3,(anonymous_6)
FNDA:1,(anonymous_7)
FNDA:1,(anonymous_8)
FNDA:3,(anonymous_9)
DA:1,12
DA:9,12
DA:21,12
DA:27,9
DA:38,9
DA:40,9
DA:42,3
DA:46,9
DA:47,2
DA:50,7
DA:59,1
DA:69,3
DA:70,3
DA:71,1
DA:73,2
DA:84,1
DA:95,1
DA:106,3
LF:18
LH:18
BRDA:42,0,0,3
BRDA:42,0,1,3
BRDA:46,1,0,2
BRDA:70,2,0,1
BRDA:27,3,0,12
BRDA:27,3,1,0
BRDA:27,4,0,12
BRDA:27,4,1,12
BRF:8
BRH:7
end_of_record
TN:
SF:src/modules/dashboard/dashboard.module.ts
FNF:0
FNH:0
DA:1,5
DA:2,5
DA:4,5
DA:5,5
DA:6,5
DA:7,5
DA:8,5
DA:40,5
LF:8
LH:8
BRF:0
BRH:0
end_of_record
TN:
SF:src/modules/dashboard/controllers/dashboard.controller.ts
FN:19,(anonymous_4)
FN:35,(anonymous_5)
FNF:2
FNH:2
FNDA:5,(anonymous_4)
FNDA:3,(anonymous_5)
DA:1,5
DA:2,5
DA:3,5
DA:4,5
DA:18,5
DA:19,5
DA:35,5
DA:36,3
LF:8
LH:8
BRDA:35,0,0,5
BRDA:35,0,1,0
BRDA:35,1,0,5
BRDA:35,1,1,5
BRDA:35,2,0,5
BRDA:35,2,1,0
BRDA:35,3,0,5
BRDA:35,3,1,5
BRDA:19,4,0,5
BRDA:19,4,1,0
BRDA:19,5,0,5
BRDA:19,5,1,5
BRF:12
BRH:9
end_of_record
TN:
SF:src/modules/dashboard/dto/dashboard-filter.dto.ts
FNF:0
FNH:0
DA:1,6
DA:13,6
DA:23,6
DA:33,6
DA:43,6
DA:54,6
DA:65,6
LF:7
LH:7
BRF:0
BRH:0
end_of_record
TN:
SF:src/modules/dashboard/dto/index.ts
FNF:0
FNH:0
DA:1,0
LF:1
LH:0
BRF:0
BRH:0
end_of_record
TN:
SF:src/modules/dashboard/queries/get-dashboard-metrics.handler.ts
FN:18,(anonymous_2)
FN:26,(anonymous_3)
FNF:2
FNH:2
FNDA:5,(anonymous_2)
FNDA:3,(anonymous_3)
DA:1,5
DA:2,5
DA:3,5
DA:17,5
DA:18,5
DA:27,3
LF:6
LH:6
BRDA:18,0,0,5
BRDA:18,0,1,0
BRDA:18,1,0,5
BRDA:18,1,1,5
BRF:4
BRH:3
end_of_record
TN:
SF:src/modules/dashboard/queries/get-dashboard-metrics.query.ts
FN:21,(anonymous_0)
FNF:1
FNH:1
FNDA:3,(anonymous_0)
DA:17,5
DA:21,3
LF:2
LH:2
BRF:0
BRH:0
end_of_record
TN:
SF:src/modules/dashboard/queries/index.ts
FNF:0
FNH:0
DA:1,0
DA:2,0
DA:3,0
LF:3
LH:0
BRF:0
BRH:0
end_of_record
TN:
SF:src/modules/dashboard/services/dashboard.service.ts
FN:17,(anonymous_2)
FN:28,(anonymous_3)
FNF:2
FNH:2
FNDA:12,(anonymous_2)
FNDA:10,(anonymous_3)
DA:1,6
DA:3,6
DA:4,6
DA:16,6
DA:18,12
DA:19,12
DA:29,10
DA:30,10
DA:32,10
DA:33,10
DA:34,10
DA:36,10
DA:45,10
LF:13
LH:13
BRDA:18,0,0,6
BRDA:18,0,1,0
BRDA:18,1,0,6
BRDA:18,1,1,6
BRDA:18,2,0,6
BRDA:18,2,1,0
BRDA:18,3,0,6
BRDA:18,3,1,6
BRF:8
BRH:6
end_of_record
TN:
SF:src/modules/fazendas/fazenda.module.ts
FNF:0
FNH:0
DA:1,5
DA:2,5
DA:4,5
DA:5,5
DA:7,5
DA:8,5
DA:10,5
DA:11,5
DA:52,5
LF:9
LH:9
BRF:0
BRH:0
end_of_record
TN:
SF:src/modules/fazendas/commands/create-fazenda.command.ts
FN:12,(anonymous_0)
FNF:1
FNH:1
FNDA:7,(anonymous_0)
DA:8,7
DA:12,7
LF:2
LH:2
BRF:0
BRH:0
end_of_record
TN:
SF:src/modules/fazendas/commands/create-fazenda.handler.ts
FN:17,(anonymous_2)
FN:31,(anonymous_3)
FNF:2
FNH:2
FNDA:7,(anonymous_2)
FNDA:5,(anonymous_3)
DA:1,6
DA:2,6
DA:3,6
DA:16,6
DA:17,7
DA:32,5
DA:33,5
LF:7
LH:7
BRDA:17,0,0,6
BRDA:17,0,1,0
BRDA:17,1,0,6
BRDA:17,1,1,6
BRF:4
BRH:3
end_of_record
TN:
SF:src/modules/fazendas/commands/delete-fazenda.command.ts
FN:11,(anonymous_0)
FNF:1
FNH:1
FNDA:3,(anonymous_0)
DA:6,7
DA:11,3
LF:2
LH:2
BRF:0
BRH:0
end_of_record
TN:
SF:src/modules/fazendas/commands/delete-fazenda.handler.ts
FN:16,(anonymous_2)
FN:26,(anonymous_3)
FNF:2
FNH:2
FNDA:7,(anonymous_2)
FNDA:3,(anonymous_3)
DA:1,6
DA:2,6
DA:3,6
DA:15,6
DA:16,7
DA:27,3
LF:6
LH:6
BRDA:16,0,0,6
BRDA:16,0,1,0
BRDA:16,1,0,6
BRDA:16,1,1,6
BRF:4
BRH:3
end_of_record
TN:
SF:src/modules/fazendas/commands/index.ts
FNF:0
FNH:0
DA:1,5
DA:2,5
DA:3,5
DA:8,5
DA:14,5
DA:15,5
DA:16,5
DA:17,5
DA:18,5
DA:19,5
LF:10
LH:10
BRF:0
BRH:0
end_of_record
TN:
SF:src/modules/fazendas/commands/update-fazenda.command.ts
FN:17,(anonymous_0)
FNF:1
FNH:1
FNDA:6,(anonymous_0)
DA:12,8
DA:18,6
DA:19,6
LF:3
LH:3
BRF:0
BRH:0
end_of_record
TN:
SF:src/modules/fazendas/commands/update-fazenda.handler.ts
FN:16,(anonymous_2)
FN:27,(anonymous_3)
FNF:2
FNH:2
FNDA:7,(anonymous_2)
FNDA:3,(anonymous_3)
DA:1,6
DA:2,6
DA:3,6
DA:15,6
DA:16,7
DA:28,3
DA:29,3
LF:7
LH:7
BRDA:16,0,0,6
BRDA:16,0,1,0
BRDA:16,1,0,6
BRDA:16,1,1,6
BRF:4
BRH:3
end_of_record
TN:
SF:src/modules/fazendas/controllers/fazenda.controller.ts
FN:33,(anonymous_4)
FN:44,(anonymous_5)
FN:52,(anonymous_6)
FN:62,(anonymous_7)
FN:77,(anonymous_8)
FN:90,(anonymous_9)
FNF:6
FNH:6
FNDA:9,(anonymous_4)
FNDA:4,(anonymous_5)
FNDA:2,(anonymous_6)
FNDA:4,(anonymous_7)
FNDA:2,(anonymous_8)
FNDA:1,(anonymous_9)
DA:1,6
DA:11,6
DA:12,6
DA:14,6
DA:15,6
DA:16,6
DA:17,6
DA:18,6
DA:26,6
DA:34,9
DA:35,9
DA:44,6
DA:45,4
DA:52,6
DA:53,2
DA:62,6
DA:63,4
DA:64,4
DA:65,1
DA:67,3
DA:77,6
DA:81,2
DA:90,6
DA:91,1
LF:24
LH:24
BRDA:64,0,0,1
BRDA:44,1,0,6
BRDA:44,1,1,0
BRDA:44,2,0,6
BRDA:44,2,1,6
BRDA:44,3,0,6
BRDA:44,3,1,0
BRDA:44,4,0,6
BRDA:44,4,1,6
BRDA:52,5,0,6
BRDA:52,5,1,0
BRDA:52,6,0,6
BRDA:52,6,1,6
BRDA:62,7,0,6
BRDA:62,7,1,0
BRDA:62,8,0,6
BRDA:62,8,1,6
BRDA:79,9,0,0
BRDA:79,9,1,6
BRDA:79,10,0,6
BRDA:79,10,1,0
BRDA:80,11,0,6
BRDA:80,11,1,0
BRDA:80,12,0,6
BRDA:80,12,1,6
BRDA:90,13,0,6
BRDA:90,13,1,0
BRDA:90,14,0,6
BRDA:90,14,1,6
BRDA:34,15,0,6
BRDA:34,15,1,0
BRDA:34,16,0,6
BRDA:34,16,1,6
BRDA:34,17,0,6
BRDA:34,17,1,0
BRDA:34,18,0,6
BRDA:34,18,1,6
BRF:37
BRH:27
end_of_record
TN:
SF:src/modules/fazendas/dto/create-fazenda.dto.ts
FNF:0
FNH:0
DA:1,7
DA:2,7
DA:21,7
DA:27,7
DA:34,7
DA:41,7
DA:48,7
DA:55,7
DA:62,7
LF:9
LH:9
BRF:0
BRH:0
end_of_record
TN:
SF:src/modules/fazendas/dto/index.ts
FNF:0
FNH:0
DA:1,6
LF:1
LH:1
BRF:0
BRH:0
end_of_record
TN:
SF:src/modules/fazendas/entities/fazenda.entity.ts
FNF:0
FNH:0
DA:7,0
LF:1
LH:0
BRF:0
BRH:0
end_of_record
TN:
SF:src/modules/fazendas/queries/find-all-fazenda.handler.ts
FN:16,(anonymous_2)
FN:24,(anonymous_3)
FNF:2
FNH:2
FNDA:6,(anonymous_2)
FNDA:2,(anonymous_3)
DA:1,6
DA:2,6
DA:3,6
DA:15,6
DA:16,6
DA:25,2
LF:6
LH:6
BRDA:16,0,0,6
BRDA:16,0,1,0
BRDA:16,1,0,6
BRDA:16,1,1,6
BRF:4
BRH:3
end_of_record
TN:
SF:src/modules/fazendas/queries/find-all-fazenda.query.ts
FNF:0
FNH:0
DA:6,7
LF:1
LH:1
BRF:0
BRH:0
end_of_record
TN:
SF:src/modules/fazendas/queries/find-fazenda-by-id.handler.ts
FN:16,(anonymous_2)
FN:26,(anonymous_3)
FNF:2
FNH:2
FNDA:8,(anonymous_2)
FNDA:6,(anonymous_3)
DA:1,6
DA:2,6
DA:3,6
DA:15,6
DA:16,8
DA:27,6
LF:6
LH:6
BRDA:16,0,0,6
BRDA:16,0,1,0
BRDA:16,1,0,6
BRDA:16,1,1,6
BRF:4
BRH:3
end_of_record
TN:
SF:src/modules/fazendas/queries/find-fazenda-by-id.query.ts
FN:10,(anonymous_0)
FNF:1
FNH:1
FNDA:8,(anonymous_0)
DA:6,7
DA:10,8
LF:2
LH:2
BRF:0
BRH:0
end_of_record
TN:
SF:src/modules/fazendas/queries/index.ts
FNF:0
FNH:0
DA:1,5
DA:2,5
DA:8,5
DA:13,5
DA:14,5
DA:15,5
DA:16,5
LF:7
LH:7
BRF:0
BRH:0
end_of_record
TN:
SF:src/modules/fazendas/repositories/fazenda.repository.ts
FNF:0
FNH:0
DA:8,12
LF:1
LH:1
BRF:0
BRH:0
end_of_record
TN:
SF:src/modules/fazendas/repositories/in-memory-fazenda.repository.ts
FN:11,(anonymous_0)
FN:14,(anonymous_1)
FN:27,(anonymous_2)
FN:28,(anonymous_3)
FN:38,(anonymous_4)
FN:39,(anonymous_5)
FN:45,(anonymous_6)
FN:49,(anonymous_7)
FN:50,(anonymous_8)
FN:53,(anonymous_9)
FN:58,(anonymous_10)
FN:60,(anonymous_11)
FN:63,(anonymous_12)
FN:66,(anonymous_13)
FN:75,(anonymous_14)
FNF:15
FNH:3
FNDA:2,(anonymous_0)
FNDA:1,(anonymous_1)
FNDA:0,(anonymous_2)
FNDA:0,(anonymous_3)
FNDA:1,(anonymous_4)
FNDA:0,(anonymous_5)
FNDA:0,(anonymous_6)
FNDA:0,(anonymous_7)
FNDA:0,(anonymous_8)
FNDA:0,(anonymous_9)
FNDA:0,(anonymous_10)
FNDA:0,(anonymous_11)
FNDA:0,(anonymous_12)
FNDA:0,(anonymous_13)
FNDA:0,(anonymous_14)
DA:1,1
DA:4,1
DA:11,1
DA:12,2
DA:15,1
DA:22,1
DA:24,1
DA:28,0
DA:29,0
DA:31,0
DA:39,1
DA:40,1
DA:42,0
DA:46,0
DA:50,0
DA:54,0
DA:55,0
DA:59,0
DA:60,0
DA:64,0
DA:65,0
DA:67,0
DA:68,0
DA:69,0
DA:79,0
DA:81,0
DA:86,0
DA:87,0
DA:88,0
DA:91,0
LF:30
LH:9
BRDA:17,0,0,1
BRDA:17,0,1,1
BRDA:29,1,0,0
BRDA:40,2,0,1
BRDA:60,3,0,0
BRDA:60,3,1,0
BRDA:67,4,0,0
BRDA:67,4,1,0
BRDA:68,5,0,0
BRDA:68,5,1,0
BRDA:87,6,0,0
BRDA:87,6,1,0
BRDA:88,7,0,0
BRDA:88,7,1,0
BRF:14
BRH:3
end_of_record
TN:
SF:src/modules/fazendas/repositories/index.ts
FNF:0
FNH:0
DA:1,0
DA:2,0
LF:2
LH:0
BRF:0
BRH:0
end_of_record
TN:
SF:src/modules/fazendas/repositories/prisma-fazenda.repository.ts
FN:16,(anonymous_2)
FN:18,(anonymous_3)
FN:33,(anonymous_4)
FN:47,(anonymous_5)
FN:60,(anonymous_6)
FN:64,(anonymous_7)
FN:76,(anonymous_8)
FN:108,(anonymous_9)
FN:147,(anonymous_10)
FN:176,(anonymous_11)
FN:190,(anonymous_12)
FNF:11
FNH:11
FNDA:5,(anonymous_2)
FNDA:3,(anonymous_3)
FNDA:1,(anonymous_4)
FNDA:1,(anonymous_5)
FNDA:1,(anonymous_6)
FNDA:3,(anonymous_7)
FNDA:3,(anonymous_8)
FNDA:3,(anonymous_9)
FNDA:3,(anonymous_10)
FNDA:6,(anonymous_11)
FNDA:3,(anonymous_12)
DA:1,5
DA:4,5
DA:15,5
DA:16,5
DA:19,3
DA:30,3
DA:34,1
DA:35,1
DA:40,0
DA:41,0
DA:43,0
DA:48,1
DA:49,1
DA:53,0
DA:54,0
DA:56,0
DA:61,1
DA:65,3
DA:77,3
DA:79,3
DA:81,3
DA:82,1
DA:85,3
DA:86,0
DA:87,0
DA:88,0
DA:91,3
DA:92,0
DA:93,0
DA:100,3
DA:109,3
DA:111,3
DA:113,3
DA:114,1
DA:117,3
DA:118,0
DA:119,0
DA:120,0
DA:123,3
DA:124,0
DA:125,0
DA:132,3
DA:139,3
DA:150,3
DA:152,3
DA:154,3
DA:155,0
DA:156,0
DA:157,0
DA:160,3
DA:161,0
DA:162,0
DA:169,3
DA:175,3
DA:177,6
DA:178,6
DA:193,3
DA:195,3
DA:197,3
DA:198,1
DA:201,3
DA:202,0
DA:203,0
DA:204,0
DA:207,3
DA:208,0
DA:209,0
DA:216,3
DA:224,3
LF:69
LH:43
BRDA:40,0,0,0
BRDA:53,1,0,0
BRDA:66,2,0,3
BRDA:66,2,1,1
BRDA:81,3,0,1
BRDA:85,4,0,0
BRDA:85,5,0,3
BRDA:85,5,1,3
BRDA:87,6,0,0
BRDA:88,7,0,0
BRDA:91,8,0,0
BRDA:113,9,0,1
BRDA:117,10,0,0
BRDA:117,11,0,3
BRDA:117,11,1,3
BRDA:119,12,0,0
BRDA:120,13,0,0
BRDA:123,14,0,0
BRDA:139,15,0,3
BRDA:139,15,1,0
BRDA:154,16,0,0
BRDA:154,17,0,3
BRDA:154,17,1,3
BRDA:156,18,0,0
BRDA:157,19,0,0
BRDA:160,20,0,0
BRDA:197,21,0,1
BRDA:201,22,0,0
BRDA:201,23,0,3
BRDA:201,23,1,3
BRDA:203,24,0,0
BRDA:204,25,0,0
BRDA:207,26,0,0
BRDA:225,27,0,3
BRDA:225,27,1,0
BRDA:226,28,0,3
BRDA:226,28,1,0
BRDA:16,29,0,5
BRDA:16,29,1,0
BRDA:16,30,0,5
BRDA:16,30,1,5
BRF:41
BRH:19
end_of_record
TN:
SF:src/modules/fazendas/services/fazenda.service.ts
FN:23,(anonymous_2)
FN:33,(anonymous_3)
FN:42,(anonymous_4)
FN:52,(anonymous_5)
FN:62,(anonymous_6)
FN:72,(anonymous_7)
FN:82,(anonymous_8)
FN:92,(anonymous_9)
FN:102,(anonymous_10)
FN:114,(anonymous_11)
FNF:10
FNH:10
FNDA:7,(anonymous_2)
FNDA:4,(anonymous_3)
FNDA:1,(anonymous_4)
FNDA:3,(anonymous_5)
FNDA:1,(anonymous_6)
FNDA:2,(anonymous_7)
FNDA:3,(anonymous_8)
FNDA:3,(anonymous_9)
FNDA:3,(anonymous_10)
FNDA:3,(anonymous_11)
DA:1,12
DA:4,12
DA:17,12
DA:23,7
DA:34,4
DA:43,1
DA:53,3
DA:63,1
DA:73,2
DA:83,3
DA:93,3
DA:105,3
DA:117,3
LF:13
LH:13
BRDA:23,0,0,12
BRDA:23,0,1,0
BRDA:23,1,0,12
BRDA:23,1,1,12
BRF:4
BRH:3
end_of_record
TN:
SF:src/modules/fazendas/validators/soma-areas.validator.ts
FN:46,(anonymous_1)
FN:69,(anonymous_2)
FNF:2
FNH:2
FNDA:8,(anonymous_1)
FNDA:4,(anonymous_2)
DA:1,8
DA:39,8
DA:47,8
DA:48,0
DA:51,8
DA:52,8
DA:57,2
DA:60,6
DA:70,4
LF:9
LH:8
BRDA:47,0,0,0
BRDA:52,1,0,2
BRDA:53,2,0,8
BRDA:53,2,1,6
BRDA:53,2,2,6
BRF:5
BRH:4
end_of_record
TN:
SF:src/modules/produtores/produtor.module.ts
FNF:0
FNH:0
DA:1,5
DA:2,5
DA:4,5
DA:5,5
DA:7,5
DA:8,5
DA:10,5
DA:11,5
DA:13,5
DA:58,5
LF:10
LH:10
BRF:0
BRH:0
end_of_record
TN:
SF:src/modules/produtores/commands/create-produtor.command.ts
FN:9,(anonymous_0)
FNF:1
FNH:1
FNDA:8,(anonymous_0)
DA:8,7
DA:9,8
LF:2
LH:2
BRF:0
BRH:0
end_of_record
TN:
SF:src/modules/produtores/commands/create-produtor.handler.ts
FN:16,(anonymous_2)
FN:30,(anonymous_3)
FNF:2
FNH:2
FNDA:7,(anonymous_2)
FNDA:6,(anonymous_3)
DA:1,6
DA:2,6
DA:3,6
DA:15,6
DA:16,7
DA:31,6
LF:6
LH:6
BRDA:16,0,0,6
BRDA:16,0,1,0
BRDA:16,1,0,6
BRDA:16,1,1,6
BRF:4
BRH:3
end_of_record
TN:
SF:src/modules/produtores/commands/delete-produtor.command.ts
FN:5,(anonymous_0)
FNF:1
FNH:1
FNDA:3,(anonymous_0)
DA:4,7
DA:5,3
LF:2
LH:2
BRF:0
BRH:0
end_of_record
TN:
SF:src/modules/produtores/commands/delete-produtor.handler.ts
FN:16,(anonymous_2)
FN:26,(anonymous_3)
FNF:2
FNH:2
FNDA:7,(anonymous_2)
FNDA:3,(anonymous_3)
DA:1,6
DA:2,6
DA:3,6
DA:15,6
DA:16,7
DA:27,3
LF:6
LH:6
BRDA:16,0,0,6
BRDA:16,0,1,0
BRDA:16,1,0,6
BRDA:16,1,1,6
BRF:4
BRH:3
end_of_record
TN:
SF:src/modules/produtores/commands/index.ts
FNF:0
FNH:0
DA:1,5
DA:2,5
DA:3,5
DA:5,5
DA:11,5
DA:12,5
DA:13,5
DA:14,5
DA:15,5
DA:16,5
LF:10
LH:10
BRF:0
BRH:0
end_of_record
TN:
SF:src/modules/produtores/commands/update-produtor.command.ts
FN:7,(anonymous_0)
FNF:1
FNH:1
FNDA:6,(anonymous_0)
DA:6,8
DA:8,6
DA:9,6
LF:3
LH:3
BRF:0
BRH:0
end_of_record
TN:
SF:src/modules/produtores/commands/update-produtor.handler.ts
FN:17,(anonymous_2)
FN:29,(anonymous_3)
FNF:2
FNH:2
FNDA:8,(anonymous_2)
FNDA:3,(anonymous_3)
DA:1,6
DA:2,6
DA:3,6
DA:16,6
DA:17,8
DA:30,3
LF:6
LH:6
BRDA:17,0,0,6
BRDA:17,0,1,0
BRDA:17,1,0,6
BRDA:17,1,1,6
BRF:4
BRH:3
end_of_record
TN:
SF:src/modules/produtores/controllers/produtor.controller.ts
FN:32,(anonymous_4)
FN:44,(anonymous_5)
FN:54,(anonymous_6)
FN:65,(anonymous_7)
FN:77,(anonymous_8)
FN:91,(anonymous_9)
FNF:6
FNH:6
FNDA:9,(anonymous_4)
FNDA:5,(anonymous_5)
FNDA:2,(anonymous_6)
FNDA:3,(anonymous_7)
FNDA:1,(anonymous_8)
FNDA:1,(anonymous_9)
DA:1,6
DA:10,6
DA:11,6
DA:13,6
DA:14,6
DA:15,6
DA:16,6
DA:17,6
DA:25,6
DA:33,9
DA:34,9
DA:44,6
DA:45,5
DA:54,6
DA:55,2
DA:65,6
DA:66,3
DA:77,6
DA:81,1
DA:91,6
DA:92,1
DA:93,1
LF:22
LH:22
BRDA:44,0,0,6
BRDA:44,0,1,0
BRDA:44,1,0,6
BRDA:44,1,1,6
BRDA:44,2,0,6
BRDA:44,2,1,0
BRDA:44,3,0,6
BRDA:44,3,1,6
BRDA:54,4,0,6
BRDA:54,4,1,0
BRDA:54,5,0,6
BRDA:54,5,1,6
BRDA:65,6,0,6
BRDA:65,6,1,0
BRDA:65,7,0,6
BRDA:65,7,1,6
BRDA:79,8,0,0
BRDA:79,8,1,6
BRDA:79,9,0,6
BRDA:79,9,1,0
BRDA:80,10,0,6
BRDA:80,10,1,0
BRDA:80,11,0,6
BRDA:80,11,1,6
BRDA:91,12,0,6
BRDA:91,12,1,0
BRDA:91,13,0,6
BRDA:91,13,1,6
BRDA:33,14,0,6
BRDA:33,14,1,0
BRDA:33,15,0,6
BRDA:33,15,1,6
BRDA:33,16,0,6
BRDA:33,16,1,0
BRDA:33,17,0,6
BRDA:33,17,1,6
BRF:36
BRH:26
end_of_record
TN:
SF:src/modules/produtores/dto/create-produtor.dto.ts
FN:32,(anonymous_2)
FNF:1
FNH:1
FNDA:4,(anonymous_2)
DA:1,7
DA:2,7
DA:10,7
DA:19,7
DA:32,4
DA:36,7
LF:6
LH:6
BRF:0
BRH:0
end_of_record
TN:
SF:src/modules/produtores/dto/index.ts
FNF:0
FNH:0
DA:1,0
LF:1
LH:0
BRF:0
BRH:0
end_of_record
TN:
SF:src/modules/produtores/entities/produtor.entity.ts
FNF:0
FNH:0
DA:7,0
LF:1
LH:0
BRF:0
BRH:0
end_of_record
TN:
SF:src/modules/produtores/queries/find-all-produtores.handler.ts
FN:14,(anonymous_2)
FN:22,(anonymous_3)
FNF:2
FNH:2
FNDA:6,(anonymous_2)
FNDA:2,(anonymous_3)
DA:1,6
DA:2,6
DA:3,6
DA:13,6
DA:14,6
DA:23,2
LF:6
LH:6
BRDA:14,0,0,6
BRDA:14,0,1,0
BRDA:14,1,0,6
BRDA:14,1,1,6
BRF:4
BRH:3
end_of_record
TN:
SF:src/modules/produtores/queries/find-all-produtores.query.ts
FNF:0
FNH:0
DA:6,7
LF:1
LH:1
BRF:0
BRH:0
end_of_record
TN:
SF:src/modules/produtores/queries/find-produtor-by-id.handler.ts
FN:16,(anonymous_2)
FN:26,(anonymous_3)
FNF:2
FNH:2
FNDA:8,(anonymous_2)
FNDA:5,(anonymous_3)
DA:1,6
DA:2,6
DA:3,6
DA:15,6
DA:16,8
DA:27,5
LF:6
LH:6
BRDA:16,0,0,6
BRDA:16,0,1,0
BRDA:16,1,0,6
BRDA:16,1,1,6
BRF:4
BRH:3
end_of_record
TN:
SF:src/modules/produtores/queries/find-produtor-by-id.query.ts
FN:5,(anonymous_0)
FNF:1
FNH:1
FNDA:7,(anonymous_0)
DA:4,7
DA:5,7
LF:2
LH:2
BRF:0
BRH:0
end_of_record
TN:
SF:src/modules/produtores/queries/index.ts
FNF:0
FNH:0
DA:1,5
DA:2,5
DA:4,5
DA:9,5
DA:10,5
DA:11,5
DA:12,5
LF:7
LH:7
BRF:0
BRH:0
end_of_record
TN:
SF:src/modules/produtores/repositories/in-memory-produtor.repository.ts
FN:12,(anonymous_0)
FN:15,(anonymous_1)
FN:28,(anonymous_2)
FN:32,(anonymous_3)
FN:33,(anonymous_4)
FN:43,(anonymous_5)
FN:59,(anonymous_6)
FN:60,(anonymous_7)
FNF:8
FNH:3
FNDA:3,(anonymous_0)
FNDA:3,(anonymous_1)
FNDA:5,(anonymous_2)
FNDA:0,(anonymous_3)
FNDA:0,(anonymous_4)
FNDA:0,(anonymous_5)
FNDA:0,(anonymous_6)
FNDA:0,(anonymous_7)
DA:4,1
DA:12,1
DA:13,3
DA:16,3
DA:24,3
DA:25,3
DA:29,5
DA:33,0
DA:44,0
DA:45,0
DA:46,0
DA:49,0
DA:50,0
DA:60,0
DA:61,0
DA:62,0
DA:64,0
LF:17
LH:7
BRDA:45,0,0,0
BRDA:61,1,0,0
BRF:2
BRH:0
end_of_record
TN:
SF:src/modules/produtores/repositories/index.ts
FNF:0
FNH:0
DA:1,0
DA:2,0
LF:2
LH:0
BRF:0
BRH:0
end_of_record
TN:
SF:src/modules/produtores/repositories/prisma-produtor.repository.ts
FN:15,(anonymous_2)
FN:17,(anonymous_3)
FN:33,(anonymous_4)
FN:37,(anonymous_5)
FN:43,(anonymous_6)
FN:66,(anonymous_7)
FNF:6
FNH:5
FNDA:5,(anonymous_2)
FNDA:4,(anonymous_3)
FNDA:5,(anonymous_4)
FNDA:2,(anonymous_5)
FNDA:0,(anonymous_6)
FNDA:1,(anonymous_7)
DA:1,5
DA:5,5
DA:14,5
DA:15,5
DA:18,4
DA:19,4
DA:26,0
DA:27,0
DA:29,0
DA:34,5
DA:38,2
DA:44,0
DA:45,0
DA:53,0
DA:54,0
DA:56,0
DA:67,1
DA:68,1
DA:70,0
DA:71,0
DA:73,0
LF:21
LH:10
BRDA:26,0,0,0
BRDA:38,1,0,2
BRDA:38,1,1,1
BRDA:53,2,0,0
BRDA:70,3,0,0
BRDA:15,4,0,5
BRDA:15,4,1,0
BRDA:15,5,0,5
BRDA:15,5,1,5
BRF:9
BRH:5
end_of_record
TN:
SF:src/modules/produtores/repositories/produtor.repository.ts
FNF:0
FNH:0
DA:10,11
LF:1
LH:1
BRF:0
BRH:0
end_of_record
TN:
SF:src/modules/produtores/services/produtor.service.ts
FN:15,(anonymous_2)
FN:20,(anonymous_3)
FN:24,(anonymous_4)
FN:39,(anonymous_5)
FN:46,(anonymous_6)
FN:57,(anonymous_7)
FN:67,(anonymous_8)
FNF:7
FNH:6
FNDA:8,(anonymous_2)
FNDA:9,(anonymous_3)
FNDA:3,(anonymous_4)
FNDA:1,(anonymous_5)
FNDA:2,(anonymous_6)
FNDA:0,(anonymous_7)
FNDA:1,(anonymous_8)
DA:1,11
DA:4,11
DA:14,11
DA:15,8
DA:21,9
DA:22,9
DA:24,9
DA:26,9
DA:27,2
DA:30,7
DA:40,1
DA:47,2
DA:48,2
DA:49,1
DA:51,1
DA:58,0
DA:68,1
LF:17
LH:16
BRDA:26,0,0,2
BRDA:48,1,0,1
BRDA:15,2,0,11
BRDA:15,2,1,0
BRDA:15,3,0,11
BRDA:15,3,1,11
BRF:6
BRH:5
end_of_record
TN:
SF:src/modules/safras/safra.module.ts
FNF:0
FNH:0
DA:1,5
DA:2,5
DA:4,5
DA:5,5
DA:7,5
DA:9,5
DA:10,5
DA:50,5
LF:8
LH:8
BRF:0
BRH:0
end_of_record
TN:
SF:src/modules/safras/commands/create-safra.command.ts
FN:9,(anonymous_0)
FNF:1
FNH:1
FNDA:7,(anonymous_0)
DA:8,7
DA:9,7
LF:2
LH:2
BRF:0
BRH:0
end_of_record
TN:
SF:src/modules/safras/commands/create-safra.handler.ts
FN:16,(anonymous_2)
FN:30,(anonymous_3)
FNF:2
FNH:2
FNDA:7,(anonymous_2)
FNDA:5,(anonymous_3)
DA:1,6
DA:2,6
DA:3,6
DA:15,6
DA:16,7
DA:31,5
LF:6
LH:6
BRDA:16,0,0,6
BRDA:16,0,1,0
BRDA:16,1,0,6
BRDA:16,1,1,6
BRF:4
BRH:3
end_of_record
TN:
SF:src/modules/safras/commands/delete-safra.command.ts
FN:5,(anonymous_0)
FNF:1
FNH:1
FNDA:3,(anonymous_0)
DA:4,7
DA:5,3
LF:2
LH:2
BRF:0
BRH:0
end_of_record
TN:
SF:src/modules/safras/commands/delete-safra.handler.ts
FN:16,(anonymous_2)
FN:26,(anonymous_3)
FNF:2
FNH:2
FNDA:7,(anonymous_2)
FNDA:3,(anonymous_3)
DA:1,6
DA:2,6
DA:3,6
DA:15,6
DA:16,7
DA:27,3
LF:6
LH:6
BRDA:16,0,0,6
BRDA:16,0,1,0
BRDA:16,1,0,6
BRDA:16,1,1,6
BRF:4
BRH:3
end_of_record
TN:
SF:src/modules/safras/commands/index.ts
FNF:0
FNH:0
DA:1,5
DA:2,5
DA:3,5
DA:9,5
DA:15,5
DA:16,5
DA:17,5
DA:18,5
DA:19,5
DA:20,5
LF:10
LH:10
BRF:0
BRH:0
end_of_record
TN:
SF:src/modules/safras/commands/update-safra.command.ts
FN:7,(anonymous_0)
FNF:1
FNH:1
FNDA:5,(anonymous_0)
DA:6,8
DA:8,5
DA:9,5
LF:3
LH:3
BRF:0
BRH:0
end_of_record
TN:
SF:src/modules/safras/commands/update-safra.handler.ts
FN:16,(anonymous_2)
FN:27,(anonymous_3)
FNF:2
FNH:2
FNDA:7,(anonymous_2)
FNDA:2,(anonymous_3)
DA:1,6
DA:2,6
DA:3,6
DA:15,6
DA:16,7
DA:28,2
DA:29,2
LF:7
LH:7
BRDA:16,0,0,6
BRDA:16,0,1,0
BRDA:16,1,0,6
BRDA:16,1,1,6
BRF:4
BRH:3
end_of_record
TN:
SF:src/modules/safras/controllers/safra.controller.ts
FN:32,(anonymous_4)
FN:44,(anonymous_5)
FN:54,(anonymous_6)
FN:65,(anonymous_7)
FN:77,(anonymous_8)
FN:90,(anonymous_9)
FNF:6
FNH:6
FNDA:9,(anonymous_4)
FNDA:4,(anonymous_5)
FNDA:2,(anonymous_6)
FNDA:3,(anonymous_7)
FNDA:1,(anonymous_8)
FNDA:1,(anonymous_9)
DA:1,6
DA:10,6
DA:11,6
DA:13,6
DA:14,6
DA:15,6
DA:16,6
DA:17,6
DA:25,6
DA:33,9
DA:34,9
DA:44,6
DA:45,4
DA:54,6
DA:55,2
DA:65,6
DA:66,3
DA:77,6
DA:81,1
DA:90,6
DA:91,1
LF:21
LH:21
BRDA:44,0,0,6
BRDA:44,0,1,0
BRDA:44,1,0,6
BRDA:44,1,1,6
BRDA:44,2,0,6
BRDA:44,2,1,0
BRDA:44,3,0,6
BRDA:44,3,1,6
BRDA:54,4,0,6
BRDA:54,4,1,0
BRDA:54,5,0,6
BRDA:54,5,1,6
BRDA:65,6,0,6
BRDA:65,6,1,0
BRDA:65,7,0,6
BRDA:65,7,1,6
BRDA:79,8,0,0
BRDA:79,8,1,6
BRDA:79,9,0,6
BRDA:79,9,1,0
BRDA:80,10,0,6
BRDA:80,10,1,0
BRDA:80,11,0,6
BRDA:80,11,1,6
BRDA:90,12,0,6
BRDA:90,12,1,0
BRDA:90,13,0,6
BRDA:90,13,1,6
BRDA:33,14,0,6
BRDA:33,14,1,0
BRDA:33,15,0,6
BRDA:33,15,1,6
BRDA:33,16,0,6
BRDA:33,16,1,0
BRDA:33,17,0,6
BRDA:33,17,1,6
BRF:36
BRH:26
end_of_record
TN:
SF:src/modules/safras/dto/create-safra.dto.ts
FNF:0
FNH:0
DA:1,7
DA:9,7
DA:18,7
DA:28,7
DA:38,7
DA:48,7
LF:6
LH:6
BRF:0
BRH:0
end_of_record
TN:
SF:src/modules/safras/dto/index.ts
FNF:0
FNH:0
DA:1,0
LF:1
LH:0
BRF:0
BRH:0
end_of_record
TN:
SF:src/modules/safras/entities/safra.entity.ts
FNF:0
FNH:0
DA:7,0
LF:1
LH:0
BRF:0
BRH:0
end_of_record
TN:
SF:src/modules/safras/queries/find-all-safra.handler.ts
FN:17,(anonymous_2)
FN:25,(anonymous_3)
FNF:2
FNH:2
FNDA:6,(anonymous_2)
FNDA:2,(anonymous_3)
DA:1,6
DA:2,6
DA:3,6
DA:16,6
DA:17,6
DA:26,2
LF:6
LH:6
BRDA:17,0,0,6
BRDA:17,0,1,0
BRDA:17,1,0,6
BRDA:17,1,1,6
BRF:4
BRH:3
end_of_record
TN:
SF:src/modules/safras/queries/find-all-safra.query.ts
FNF:0
FNH:0
DA:6,7
LF:1
LH:1
BRF:0
BRH:0
end_of_record
TN:
SF:src/modules/safras/queries/find-safra-by-id.handler.ts
FN:16,(anonymous_2)
FN:26,(anonymous_3)
FNF:2
FNH:2
FNDA:8,(anonymous_2)
FNDA:5,(anonymous_3)
DA:1,6
DA:2,6
DA:3,6
DA:15,6
DA:16,8
DA:27,5
LF:6
LH:6
BRDA:16,0,0,6
BRDA:16,0,1,0
BRDA:16,1,0,6
BRDA:16,1,1,6
BRF:4
BRH:3
end_of_record
TN:
SF:src/modules/safras/queries/find-safra-by-id.query.ts
FN:5,(anonymous_0)
FNF:1
FNH:1
FNDA:7,(anonymous_0)
DA:4,7
DA:5,7
LF:2
LH:2
BRF:0
BRH:0
end_of_record
TN:
SF:src/modules/safras/queries/index.ts
FNF:0
FNH:0
DA:1,5
DA:2,5
DA:4,5
DA:9,5
DA:10,5
DA:11,5
DA:12,5
LF:7
LH:7
BRF:0
BRH:0
end_of_record
TN:
SF:src/modules/safras/repositories/in-memory-safra.repository.ts
FN:12,(anonymous_0)
FN:21,(anonymous_1)
FN:41,(anonymous_2)
FN:51,(anonymous_3)
FN:52,(anonymous_4)
FN:62,(anonymous_5)
FN:77,(anonymous_6)
FN:78,(anonymous_7)
FNF:8
FNH:7
FNDA:7,(anonymous_0)
FNDA:5,(anonymous_1)
FNDA:2,(anonymous_2)
FNDA:2,(anonymous_3)
FNDA:1,(anonymous_4)
FNDA:0,(anonymous_5)
FNDA:1,(anonymous_6)
FNDA:1,(anonymous_7)
DA:4,6
DA:12,6
DA:13,7
DA:22,5
DA:32,5
DA:33,5
DA:42,2
DA:52,2
DA:63,0
DA:64,0
DA:65,0
DA:68,0
DA:69,0
DA:78,1
DA:79,1
DA:80,0
DA:82,1
LF:17
LH:11
BRDA:64,0,0,0
BRDA:79,1,0,0
BRF:2
BRH:0
end_of_record
TN:
SF:src/modules/safras/repositories/index.ts
FNF:0
FNH:0
DA:1,5
DA:2,5
LF:2
LH:2
BRF:0
BRH:0
end_of_record
TN:
SF:src/modules/safras/repositories/prisma-safra.repository.ts
FN:15,(anonymous_2)
FN:23,(anonymous_3)
FN:51,(anonymous_4)
FN:61,(anonymous_5)
FN:73,(anonymous_6)
FN:106,(anonymous_7)
FNF:6
FNH:0
FNDA:0,(anonymous_2)
FNDA:0,(anonymous_3)
FNDA:0,(anonymous_4)
FNDA:0,(anonymous_5)
FNDA:0,(anonymous_6)
FNDA:0,(anonymous_7)
DA:1,0
DA:4,0
DA:14,0
DA:15,0
DA:24,0
DA:43,0
DA:52,0
DA:62,0
DA:74,0
DA:75,0
DA:92,0
DA:94,0
DA:95,0
DA:97,0
DA:107,0
DA:108,0
DA:110,0
DA:111,0
DA:113,0
LF:19
LH:0
BRDA:62,0,0,0
BRDA:62,0,1,0
BRDA:79,1,0,0
BRDA:79,1,1,0
BRDA:94,2,0,0
BRDA:110,3,0,0
BRDA:15,4,0,0
BRDA:15,4,1,0
BRDA:15,5,0,0
BRDA:15,5,1,0
BRF:10
BRH:0
end_of_record
TN:
SF:src/modules/safras/repositories/safra.repository.ts
FNF:0
FNH:0
DA:10,11
LF:1
LH:1
BRF:0
BRH:0
end_of_record
TN:
SF:src/modules/safras/services/safra.service.ts
FN:20,(anonymous_2)
FN:28,(anonymous_3)
FN:37,(anonymous_4)
FN:48,(anonymous_5)
FN:63,(anonymous_6)
FN:73,(anonymous_7)
FNF:6
FNH:5
FNDA:7,(anonymous_2)
FNDA:5,(anonymous_3)
FNDA:2,(anonymous_4)
FNDA:2,(anonymous_5)
FNDA:0,(anonymous_6)
FNDA:1,(anonymous_7)
DA:1,11
DA:4,11
DA:14,11
DA:20,7
DA:29,5
DA:38,2
DA:49,2
DA:50,2
DA:51,1
DA:53,1
DA:64,0
DA:74,1
LF:12
LH:11
BRDA:50,0,0,1
BRDA:20,1,0,11
BRDA:20,1,1,0
BRDA:20,2,0,11
BRDA:20,2,1,11
BRF:5
BRH:4
end_of_record
